<?xml version="1.0" encoding="UTF-8"?>
<!-- Generated by org.testng.reporters.JUnitXMLReporter -->
<testsuite ignored="0" hostname="VNNOT01519" failures="0" tests="3" name="Regression Test with Chrome" time="23.742" errors="0" timestamp="2026-07-23T16:38:26 ICT">
  <testcase classname="ui.testcases.LoginTest" name="loginSuccess" time="7.069"/>
  <testcase classname="ui.testcases.LoginTest" name="loginFailWithInvalidEmail" time="1.778"/>
  <testcase classname="ui.testcases.LoginTest" name="loginFailWithInvalidPassword" time="1.257"/>
</testsuite> <!-- Regression Test with Chrome -->
