<?xml version="1.0" encoding="UTF-8"?>
<testng-results ignored="0" total="3" passed="3" failed="0" skipped="0">
  <reporter-output>
  </reporter-output>
  <suite started-at="2026-07-23T16:38:02 ICT" name="Test UI Login" finished-at="2026-07-23T16:38:25 ICT" duration-ms="23742">
    <groups>
    </groups>
    <test started-at="2026-07-23T16:38:02 ICT" name="Regression Test with Chrome" finished-at="2026-07-23T16:38:25 ICT" duration-ms="23742">
      <class name="ui.testcases.LoginTest">
        <test-method is-config="true" signature="setUpEnvironment()[pri:0, instance:ui.testcases.LoginTest@30e6a763]" started-at="2026-07-23T16:38:01 ICT" name="setUpEnvironment" finished-at="2026-07-23T16:38:02 ICT" duration-ms="31" status="PASS">
          <reporter-output>
          </reporter-output>
        </test-method> <!-- setUpEnvironment -->
        <test-method is-config="true" signature="createDriver(java.lang.String)[pri:0, instance:ui.testcases.LoginTest@30e6a763]" started-at="2026-07-23T16:38:02 ICT" name="createDriver" finished-at="2026-07-23T16:38:06 ICT" duration-ms="3944" status="PASS">
          <params>
            <param index="0">
              <value>
                <![CDATA[chrome]]>
              </value>
            </param>
          </params>
          <reporter-output>
          </reporter-output>
        </test-method> <!-- createDriver -->
        <test-method signature="loginSuccess(java.lang.String,java.lang.String)[pri:1, instance:ui.testcases.LoginTest@30e6a763]" started-at="2026-07-23T16:38:07 ICT" name="loginSuccess" data-provider="data_provider_login_success" finished-at="2026-07-23T16:38:14 ICT" duration-ms="7069" status="PASS">
          <params>
            <param index="0">
              <value>
                <![CDATA[admin@example.com]]>
              </value>
            </param>
            <param index="1">
              <value>
                <![CDATA[123456]]>
              </value>
            </param>
          </params>
          <reporter-output>
          </reporter-output>
        </test-method> <!-- loginSuccess -->
        <test-method is-config="true" signature="closeDriver()[pri:0, instance:ui.testcases.LoginTest@30e6a763]" started-at="2026-07-23T16:38:15 ICT" name="closeDriver" finished-at="2026-07-23T16:38:16 ICT" duration-ms="526" status="PASS">
          <reporter-output>
          </reporter-output>
        </test-method> <!-- closeDriver -->
        <test-method is-config="true" signature="createDriver(java.lang.String)[pri:0, instance:ui.testcases.LoginTest@30e6a763]" started-at="2026-07-23T16:38:16 ICT" name="createDriver" finished-at="2026-07-23T16:38:18 ICT" duration-ms="2253" status="PASS">
          <params>
            <param index="0">
              <value>
                <![CDATA[chrome]]>
              </value>
            </param>
          </params>
          <reporter-output>
          </reporter-output>
        </test-method> <!-- createDriver -->
        <test-method signature="loginFailWithInvalidEmail(java.lang.String,java.lang.String)[pri:2, instance:ui.testcases.LoginTest@30e6a763]" started-at="2026-07-23T16:38:18 ICT" name="loginFailWithInvalidEmail" data-provider="data_provider_login_fail_invalid_email" finished-at="2026-07-23T16:38:20 ICT" duration-ms="1778" status="PASS">
          <params>
            <param index="0">
              <value>
                <![CDATA[admin123@example.com]]>
              </value>
            </param>
            <param index="1">
              <value>
                <![CDATA[123456]]>
              </value>
            </param>
          </params>
          <reporter-output>
          </reporter-output>
        </test-method> <!-- loginFailWithInvalidEmail -->
        <test-method is-config="true" signature="closeDriver()[pri:0, instance:ui.testcases.LoginTest@30e6a763]" started-at="2026-07-23T16:38:21 ICT" name="closeDriver" finished-at="2026-07-23T16:38:21 ICT" duration-ms="180" status="PASS">
          <reporter-output>
          </reporter-output>
        </test-method> <!-- closeDriver -->
        <test-method is-config="true" signature="createDriver(java.lang.String)[pri:0, instance:ui.testcases.LoginTest@30e6a763]" started-at="2026-07-23T16:38:21 ICT" name="createDriver" finished-at="2026-07-23T16:38:23 ICT" duration-ms="1572" status="PASS">
          <params>
            <param index="0">
              <value>
                <![CDATA[chrome]]>
              </value>
            </param>
          </params>
          <reporter-output>
          </reporter-output>
        </test-method> <!-- createDriver -->
        <test-method signature="loginFailWithInvalidPassword(java.lang.String,java.lang.String)[pri:3, instance:ui.testcases.LoginTest@30e6a763]" started-at="2026-07-23T16:38:23 ICT" name="loginFailWithInvalidPassword" data-provider="data_provider_login_fail_invalid_password" finished-at="2026-07-23T16:38:24 ICT" duration-ms="1257" status="PASS">
          <params>
            <param index="0">
              <value>
                <![CDATA[admin@example.com]]>
              </value>
            </param>
            <param index="1">
              <value>
                <![CDATA[123456789]]>
              </value>
            </param>
          </params>
          <reporter-output>
          </reporter-output>
        </test-method> <!-- loginFailWithInvalidPassword -->
        <test-method is-config="true" signature="closeDriver()[pri:0, instance:ui.testcases.LoginTest@30e6a763]" started-at="2026-07-23T16:38:25 ICT" name="closeDriver" finished-at="2026-07-23T16:38:25 ICT" duration-ms="173" status="PASS">
          <reporter-output>
          </reporter-output>
        </test-method> <!-- closeDriver -->
      </class> <!-- ui.testcases.LoginTest -->
    </test> <!-- Regression Test with Chrome -->
  </suite> <!-- Test UI Login -->
</testng-results>
