<?xml version="1.0" encoding="UTF-8"?>
<testsuite xmlns:xsi="http://www.w3.org/2001/XMLSchema-instance" xsi:noNamespaceSchemaLocation="https://maven.apache.org/surefire/maven-surefire-plugin/xsd/surefire-test-report.xsd" version="3.0.2" name="TestSuite" time="25.627" tests="3" errors="0" skipped="0" failures="0">
  <properties>
[...]
</properties>
  <testcase name="loginSuccess[admin@example.com, 123456](1)" classname="ui.testcases.LoginTest" time="6.223">
    <system-out><![CDATA[Before Suite: Load Config Files
[INFO] 23-07-2026 16:38:02 [main] LogUtils - ?? Setup Environment onStart:Thu Jul 23 16:38:02 ICT 2026
[INFO] 23-07-2026 16:38:06 [main] LogUtils - ? Browser launched: chrome
[INFO] 23-07-2026 16:38:07 [main] LogUtils - ?? Start run test case: loginSuccess
🎥 Start recording: loginSuccess
[INFO] 23-07-2026 16:38:10 [main] LogUtils - Page loaded successfully.
[INFO] 23-07-2026 16:38:10 [main] LogUtils - ? Open URL: https://crm.anhtester.com/admin/authentication
[INFO] 23-07-2026 16:38:11 [main] LogUtils - Clear text of element By.xpath: //input[@id='email']
[INFO] 23-07-2026 16:38:11 [main] LogUtils - Set text: admin@example.com on element By.xpath: //input[@id='email']
[INFO] 23-07-2026 16:38:12 [main] LogUtils - Clear text of element By.xpath: //input[@id='password']
[INFO] 23-07-2026 16:38:12 [main] LogUtils - Set text: 123456 on element By.xpath: //input[@id='password']
[INFO] 23-07-2026 16:38:14 [main] LogUtils - Click element By.xpath: //button[normalize-space()='Login']
[INFO] 23-07-2026 16:38:14 [main] LogUtils - Current URL: https://crm.anhtester.com/admin/
[INFO] 23-07-2026 16:38:14 [main] LogUtils - Assert not contains: https://crm.anhtester.com/admin/ ?? authentication
[INFO] 23-07-2026 16:38:14 [main] LogUtils - ? Test case loginSuccess is passed.
🗑 Deleted video: loginSuccess-23-07-2026 16-38-09.avi
]]></system-out>
    <system-err><![CDATA[Jul 23, 2026 4:38:06 PM org.openqa.selenium.devtools.CdpVersionFinder findNearestMatch
WARNING: Unable to find CDP implementation matching 150
Jul 23, 2026 4:38:06 PM org.openqa.selenium.chromium.ChromiumDriver lambda$new$4
WARNING: Unable to find version of CDP to use for 150.0.7871.129. You may need to include a dependency on a specific version of the CDP using something similar to `org.seleniumhq.selenium:selenium-devtools-v86:4.34.0` where the version ("v86") matches the version of the chromium-based browser you're using and the version number of the artifact is the same as Selenium's.
[main] ERROR io.qameta.allure.AllureLifecycle - Could not add attachment: no test is running
]]></system-err>
  </testcase>
  <testcase name="loginFailWithInvalidEmail[admin123@example.com, 123456](1)" classname="ui.testcases.LoginTest" time="2.815">
    <system-out><![CDATA[[INFO] 23-07-2026 16:38:16 [main] LogUtils - ? Browser closed
[INFO] 23-07-2026 16:38:18 [main] LogUtils - ? Browser launched: chrome
[INFO] 23-07-2026 16:38:18 [main] LogUtils - ?? Start run test case: loginFailWithInvalidEmail
🎥 Start recording: loginFailWithInvalidEmail
[INFO] 23-07-2026 16:38:19 [main] LogUtils - Page loaded successfully.
[INFO] 23-07-2026 16:38:19 [main] LogUtils - ? Open URL: https://crm.anhtester.com/admin/authentication
[INFO] 23-07-2026 16:38:19 [main] LogUtils - Clear text of element By.xpath: //input[@id='email']
[INFO] 23-07-2026 16:38:19 [main] LogUtils - Set text: admin123@example.com on element By.xpath: //input[@id='email']
[INFO] 23-07-2026 16:38:19 [main] LogUtils - Clear text of element By.xpath: //input[@id='password']
[INFO] 23-07-2026 16:38:19 [main] LogUtils - Set text: 123456 on element By.xpath: //input[@id='password']
[INFO] 23-07-2026 16:38:19 [main] LogUtils - Click element By.xpath: //button[normalize-space()='Login']
[INFO] 23-07-2026 16:38:20 [main] LogUtils - Current URL: https://crm.anhtester.com/admin/authentication
[INFO] 23-07-2026 16:38:20 [main] LogUtils - Assert contains: https://crm.anhtester.com/admin/authentication ?? authentication
[INFO] 23-07-2026 16:38:20 [main] LogUtils - Element By.xpath: //div[contains(@class,'alert alert-danger')] is displayed: true
[INFO] 23-07-2026 16:38:20 [main] LogUtils - Assert true: true
[INFO] 23-07-2026 16:38:20 [main] LogUtils - Get text of element By.xpath: //div[contains(@class,'alert alert-danger')]: Invalid email or password
[INFO] 23-07-2026 16:38:20 [main] LogUtils - Assert equals: Invalid email or password ? Invalid email or password
[INFO] 23-07-2026 16:38:20 [main] LogUtils - ? Test case loginFailWithInvalidEmail is passed.
🗑 Deleted video: loginFailWithInvalidEmail-23-07-2026 16-38-18.avi
]]></system-out>
    <system-err><![CDATA[Jul 23, 2026 4:38:18 PM org.openqa.selenium.devtools.CdpVersionFinder findNearestMatch
WARNING: Unable to find CDP implementation matching 150
Jul 23, 2026 4:38:18 PM org.openqa.selenium.chromium.ChromiumDriver lambda$new$4
WARNING: Unable to find version of CDP to use for 150.0.7871.129. You may need to include a dependency on a specific version of the CDP using something similar to `org.seleniumhq.selenium:selenium-devtools-v86:4.34.0` where the version ("v86") matches the version of the chromium-based browser you're using and the version number of the artifact is the same as Selenium's.
[main] ERROR io.qameta.allure.AllureLifecycle - Could not add attachment: no test is running
]]></system-err>
  </testcase>
  <testcase name="loginFailWithInvalidPassword[admin@example.com, 123456789](1)" classname="ui.testcases.LoginTest" time="2.348">
    <system-out><![CDATA[[INFO] 23-07-2026 16:38:21 [main] LogUtils - ? Browser closed
[INFO] 23-07-2026 16:38:23 [main] LogUtils - ? Browser launched: chrome
[INFO] 23-07-2026 16:38:23 [main] LogUtils - ?? Start run test case: loginFailWithInvalidPassword
🎥 Start recording: loginFailWithInvalidPassword
[INFO] 23-07-2026 16:38:23 [main] LogUtils - Page loaded successfully.
[INFO] 23-07-2026 16:38:23 [main] LogUtils - ? Open URL: https://crm.anhtester.com/admin/authentication
[INFO] 23-07-2026 16:38:23 [main] LogUtils - Clear text of element By.xpath: //input[@id='email']
[INFO] 23-07-2026 16:38:23 [main] LogUtils - Set text: admin@example.com on element By.xpath: //input[@id='email']
[INFO] 23-07-2026 16:38:23 [main] LogUtils - Clear text of element By.xpath: //input[@id='password']
[INFO] 23-07-2026 16:38:24 [main] LogUtils - Set text: 123456789 on element By.xpath: //input[@id='password']
[INFO] 23-07-2026 16:38:24 [main] LogUtils - Click element By.xpath: //button[normalize-space()='Login']
[INFO] 23-07-2026 16:38:24 [main] LogUtils - Current URL: https://crm.anhtester.com/admin/authentication
[INFO] 23-07-2026 16:38:24 [main] LogUtils - Assert contains: https://crm.anhtester.com/admin/authentication ?? authentication
[INFO] 23-07-2026 16:38:24 [main] LogUtils - Element By.xpath: //div[contains(@class,'alert alert-danger')] is displayed: true
[INFO] 23-07-2026 16:38:24 [main] LogUtils - Assert true: true
[INFO] 23-07-2026 16:38:24 [main] LogUtils - Get text of element By.xpath: //div[contains(@class,'alert alert-danger')]: Invalid email or password
[INFO] 23-07-2026 16:38:24 [main] LogUtils - Assert equals: Invalid email or password ? Invalid email or password
[INFO] 23-07-2026 16:38:24 [main] LogUtils - ? Test case loginFailWithInvalidPassword is passed.
🗑 Deleted video: loginFailWithInvalidPassword-23-07-2026 16-38-23.avi
]]></system-out>
    <system-err><![CDATA[Jul 23, 2026 4:38:23 PM org.openqa.selenium.devtools.CdpVersionFinder findNearestMatch
WARNING: Unable to find CDP implementation matching 150
Jul 23, 2026 4:38:23 PM org.openqa.selenium.chromium.ChromiumDriver lambda$new$4
WARNING: Unable to find version of CDP to use for 150.0.7871.129. You may need to include a dependency on a specific version of the CDP using something similar to `org.seleniumhq.selenium:selenium-devtools-v86:4.34.0` where the version ("v86") matches the version of the chromium-based browser you're using and the version number of the artifact is the same as Selenium's.
[main] ERROR io.qameta.allure.AllureLifecycle - Could not add attachment: no test is running
]]></system-err>
  </testcase>
</testsuite>