<?xml version="1.0" encoding="UTF-8"?>
<testsuite xmlns:xsi="http://www.w3.org/2001/XMLSchema-instance" xsi:noNamespaceSchemaLocation="https://maven.apache.org/surefire/maven-surefire-plugin/xsd/surefire-test-report.xsd" version="3.0.2" name="TestSuite" time="675.554" tests="53" errors="0" skipped="0" failures="1">
  <properties>
[...]
</properties>
  <testcase name="loginSuccess[admin@example.com, 123456](1)" classname="ui.testcases.LoginTest" time="4.698">
    <system-out><![CDATA[Before Suite: Load Config Files
Before Suite: Load Config Files
[INFO] 23-07-2026 16:02:17 [main] LogUtils - ?? Setup Environment onStart:Thu Jul 23 16:02:15 ICT 2026
[INFO] 23-07-2026 16:02:19 [main] LogUtils - ? Browser launched: chrome
[INFO] 23-07-2026 16:02:20 [main] LogUtils - ?? Start run test case: loginSuccess
🎥 Start recording: loginSuccess
[INFO] 23-07-2026 16:02:22 [main] LogUtils - Page loaded successfully.
[INFO] 23-07-2026 16:02:22 [main] LogUtils - ? Open URL: https://crm.anhtester.com/admin/authentication
[INFO] 23-07-2026 16:02:22 [main] LogUtils - Clear text of element By.xpath: //input[@id='email']
[INFO] 23-07-2026 16:02:22 [main] LogUtils - Set text: admin@example.com on element By.xpath: //input[@id='email']
[INFO] 23-07-2026 16:02:23 [main] LogUtils - Clear text of element By.xpath: //input[@id='password']
[INFO] 23-07-2026 16:02:23 [main] LogUtils - Set text: 123456 on element By.xpath: //input[@id='password']
[INFO] 23-07-2026 16:02:25 [main] LogUtils - Click element By.xpath: //button[normalize-space()='Login']
[INFO] 23-07-2026 16:02:25 [main] LogUtils - Current URL: https://crm.anhtester.com/admin/
[INFO] 23-07-2026 16:02:25 [main] LogUtils - Assert not contains: https://crm.anhtester.com/admin/ ?? authentication
[INFO] 23-07-2026 16:02:25 [main] LogUtils - ? Test case loginSuccess is passed.
🗑 Deleted video: loginSuccess-23-07-2026 16-02-21.avi
]]></system-out>
    <system-err><![CDATA[Jul 23, 2026 4:02:19 PM org.openqa.selenium.devtools.CdpVersionFinder findNearestMatch
WARNING: Unable to find CDP implementation matching 150
Jul 23, 2026 4:02:19 PM org.openqa.selenium.chromium.ChromiumDriver lambda$new$4
WARNING: Unable to find version of CDP to use for 150.0.7871.129. You may need to include a dependency on a specific version of the CDP using something similar to `org.seleniumhq.selenium:selenium-devtools-v86:4.34.0` where the version ("v86") matches the version of the chromium-based browser you're using and the version number of the artifact is the same as Selenium's.
[main] ERROR io.qameta.allure.AllureLifecycle - Could not add attachment: no test is running
]]></system-err>
  </testcase>
  <testcase name="loginFailWithInvalidEmail[admin123@example.com, 123456](1)" classname="ui.testcases.LoginTest" time="2.656">
    <system-out><![CDATA[[INFO] 23-07-2026 16:02:26 [main] LogUtils - ? Browser closed
[INFO] 23-07-2026 16:02:29 [main] LogUtils - ? Browser launched: chrome
[INFO] 23-07-2026 16:02:29 [main] LogUtils - ?? Start run test case: loginFailWithInvalidEmail
🎥 Start recording: loginFailWithInvalidEmail
[INFO] 23-07-2026 16:02:29 [main] LogUtils - Page loaded successfully.
[INFO] 23-07-2026 16:02:29 [main] LogUtils - ? Open URL: https://crm.anhtester.com/admin/authentication
[INFO] 23-07-2026 16:02:29 [main] LogUtils - Clear text of element By.xpath: //input[@id='email']
[INFO] 23-07-2026 16:02:30 [main] LogUtils - Set text: admin123@example.com on element By.xpath: //input[@id='email']
[INFO] 23-07-2026 16:02:30 [main] LogUtils - Clear text of element By.xpath: //input[@id='password']
[INFO] 23-07-2026 16:02:30 [main] LogUtils - Set text: 123456 on element By.xpath: //input[@id='password']
[INFO] 23-07-2026 16:02:30 [main] LogUtils - Click element By.xpath: //button[normalize-space()='Login']
[INFO] 23-07-2026 16:02:30 [main] LogUtils - Current URL: https://crm.anhtester.com/admin/authentication
[INFO] 23-07-2026 16:02:30 [main] LogUtils - Assert contains: https://crm.anhtester.com/admin/authentication ?? authentication
[INFO] 23-07-2026 16:02:30 [main] LogUtils - Element By.xpath: //div[contains(@class,'alert alert-danger')] is displayed: true
[INFO] 23-07-2026 16:02:30 [main] LogUtils - Assert true: true
[INFO] 23-07-2026 16:02:30 [main] LogUtils - Get text of element By.xpath: //div[contains(@class,'alert alert-danger')]: Invalid email or password
[INFO] 23-07-2026 16:02:30 [main] LogUtils - Assert equals: Invalid email or password ? Invalid email or password
[INFO] 23-07-2026 16:02:30 [main] LogUtils - ? Test case loginFailWithInvalidEmail is passed.
🗑 Deleted video: loginFailWithInvalidEmail-23-07-2026 16-02-29.avi
]]></system-out>
    <system-err><![CDATA[Jul 23, 2026 4:02:29 PM org.openqa.selenium.devtools.CdpVersionFinder findNearestMatch
WARNING: Unable to find CDP implementation matching 150
Jul 23, 2026 4:02:29 PM org.openqa.selenium.chromium.ChromiumDriver lambda$new$4
WARNING: Unable to find version of CDP to use for 150.0.7871.129. You may need to include a dependency on a specific version of the CDP using something similar to `org.seleniumhq.selenium:selenium-devtools-v86:4.34.0` where the version ("v86") matches the version of the chromium-based browser you're using and the version number of the artifact is the same as Selenium's.
[main] ERROR io.qameta.allure.AllureLifecycle - Could not add attachment: no test is running
]]></system-err>
  </testcase>
  <testcase name="loginFailWithInvalidPassword[admin@example.com, 123456789](1)" classname="ui.testcases.LoginTest" time="2.393">
    <system-out><![CDATA[[INFO] 23-07-2026 16:02:32 [main] LogUtils - ? Browser closed
[INFO] 23-07-2026 16:02:33 [main] LogUtils - ? Browser launched: chrome
[INFO] 23-07-2026 16:02:33 [main] LogUtils - ?? Start run test case: loginFailWithInvalidPassword
🎥 Start recording: loginFailWithInvalidPassword
[INFO] 23-07-2026 16:02:34 [main] LogUtils - Page loaded successfully.
[INFO] 23-07-2026 16:02:34 [main] LogUtils - ? Open URL: https://crm.anhtester.com/admin/authentication
[INFO] 23-07-2026 16:02:34 [main] LogUtils - Clear text of element By.xpath: //input[@id='email']
[INFO] 23-07-2026 16:02:34 [main] LogUtils - Set text: admin@example.com on element By.xpath: //input[@id='email']
[INFO] 23-07-2026 16:02:34 [main] LogUtils - Clear text of element By.xpath: //input[@id='password']
[INFO] 23-07-2026 16:02:34 [main] LogUtils - Set text: 123456789 on element By.xpath: //input[@id='password']
[INFO] 23-07-2026 16:02:34 [main] LogUtils - Click element By.xpath: //button[normalize-space()='Login']
[INFO] 23-07-2026 16:02:34 [main] LogUtils - Current URL: https://crm.anhtester.com/admin/authentication
[INFO] 23-07-2026 16:02:34 [main] LogUtils - Assert contains: https://crm.anhtester.com/admin/authentication ?? authentication
[INFO] 23-07-2026 16:02:35 [main] LogUtils - Element By.xpath: //div[contains(@class,'alert alert-danger')] is displayed: true
[INFO] 23-07-2026 16:02:35 [main] LogUtils - Assert true: true
[INFO] 23-07-2026 16:02:35 [main] LogUtils - Get text of element By.xpath: //div[contains(@class,'alert alert-danger')]: Invalid email or password
[INFO] 23-07-2026 16:02:35 [main] LogUtils - Assert equals: Invalid email or password ? Invalid email or password
[INFO] 23-07-2026 16:02:35 [main] LogUtils - ? Test case loginFailWithInvalidPassword is passed.
🗑 Deleted video: loginFailWithInvalidPassword-23-07-2026 16-02-33.avi
]]></system-out>
    <system-err><![CDATA[Jul 23, 2026 4:02:33 PM org.openqa.selenium.devtools.CdpVersionFinder findNearestMatch
WARNING: Unable to find CDP implementation matching 150
Jul 23, 2026 4:02:33 PM org.openqa.selenium.chromium.ChromiumDriver lambda$new$4
WARNING: Unable to find version of CDP to use for 150.0.7871.129. You may need to include a dependency on a specific version of the CDP using something similar to `org.seleniumhq.selenium:selenium-devtools-v86:4.34.0` where the version ("v86") matches the version of the chromium-based browser you're using and the version number of the artifact is the same as Selenium's.
[main] ERROR io.qameta.allure.AllureLifecycle - Could not add attachment: no test is running
]]></system-err>
  </testcase>
  <testcase name="loginSuccess" classname="ui.testcases.LoginTestByExcelFile" time="4.767">
    <system-out><![CDATA[[INFO] 23-07-2026 16:02:36 [main] LogUtils - ? Browser closed
[INFO] 23-07-2026 16:02:38 [main] LogUtils - ? Browser launched: chrome
[INFO] 23-07-2026 16:02:38 [main] LogUtils - ?? Start run test case: loginSuccess
🎥 Start recording: loginSuccess
[INFO] 23-07-2026 16:02:40 [main] LogUtils - Page loaded successfully.
[INFO] 23-07-2026 16:02:40 [main] LogUtils - ? Open URL: https://crm.anhtester.com/admin/authentication
[INFO] 23-07-2026 16:02:40 [main] LogUtils - Clear text of element By.xpath: //input[@id='email']
[INFO] 23-07-2026 16:02:40 [main] LogUtils - Set text: admin@example.com on element By.xpath: //input[@id='email']
[INFO] 23-07-2026 16:02:40 [main] LogUtils - Clear text of element By.xpath: //input[@id='password']
[INFO] 23-07-2026 16:02:40 [main] LogUtils - Set text: 123456 on element By.xpath: //input[@id='password']
[INFO] 23-07-2026 16:02:40 [main] LogUtils - Click element By.xpath: //button[normalize-space()='Login']
[INFO] 23-07-2026 16:02:41 [main] LogUtils - Current URL: https://crm.anhtester.com/admin/
[INFO] 23-07-2026 16:02:41 [main] LogUtils - Assert not contains: https://crm.anhtester.com/admin/ ?? authentication
[INFO] 23-07-2026 16:02:41 [main] LogUtils - ? Test case loginSuccess is passed.
🗑 Deleted video: loginSuccess-23-07-2026 16-02-38.avi
]]></system-out>
    <system-err><![CDATA[Jul 23, 2026 4:02:38 PM org.openqa.selenium.devtools.CdpVersionFinder findNearestMatch
WARNING: Unable to find CDP implementation matching 150
Jul 23, 2026 4:02:38 PM org.openqa.selenium.chromium.ChromiumDriver lambda$new$4
WARNING: Unable to find version of CDP to use for 150.0.7871.129. You may need to include a dependency on a specific version of the CDP using something similar to `org.seleniumhq.selenium:selenium-devtools-v86:4.34.0` where the version ("v86") matches the version of the chromium-based browser you're using and the version number of the artifact is the same as Selenium's.
[main] ERROR io.qameta.allure.AllureLifecycle - Could not add attachment: no test is running
]]></system-err>
  </testcase>
  <testcase name="loginFailWithInvalidEmail" classname="ui.testcases.LoginTestByExcelFile" time="2.277">
    <system-out><![CDATA[[INFO] 23-07-2026 16:02:43 [main] LogUtils - ? Browser closed
[INFO] 23-07-2026 16:02:45 [main] LogUtils - ? Browser launched: chrome
[INFO] 23-07-2026 16:02:45 [main] LogUtils - ?? Start run test case: loginFailWithInvalidEmail
🎥 Start recording: loginFailWithInvalidEmail
[INFO] 23-07-2026 16:02:45 [main] LogUtils - Page loaded successfully.
[INFO] 23-07-2026 16:02:45 [main] LogUtils - ? Open URL: https://crm.anhtester.com/admin/authentication
[INFO] 23-07-2026 16:02:45 [main] LogUtils - Clear text of element By.xpath: //input[@id='email']
[INFO] 23-07-2026 16:02:45 [main] LogUtils - Set text: admin123@example.com on element By.xpath: //input[@id='email']
[INFO] 23-07-2026 16:02:45 [main] LogUtils - Clear text of element By.xpath: //input[@id='password']
[INFO] 23-07-2026 16:02:45 [main] LogUtils - Set text: 123456 on element By.xpath: //input[@id='password']
[INFO] 23-07-2026 16:02:46 [main] LogUtils - Click element By.xpath: //button[normalize-space()='Login']
[INFO] 23-07-2026 16:02:46 [main] LogUtils - Current URL: https://crm.anhtester.com/admin/authentication
[INFO] 23-07-2026 16:02:46 [main] LogUtils - Assert contains: https://crm.anhtester.com/admin/authentication ?? authentication
[INFO] 23-07-2026 16:02:46 [main] LogUtils - Element By.xpath: //div[contains(@class,'alert alert-danger')] is displayed: true
[INFO] 23-07-2026 16:02:46 [main] LogUtils - Assert true: true
[INFO] 23-07-2026 16:02:46 [main] LogUtils - Get text of element By.xpath: //div[contains(@class,'alert alert-danger')]: Invalid email or password
[INFO] 23-07-2026 16:02:46 [main] LogUtils - Assert equals: Invalid email or password ? Invalid email or password
[INFO] 23-07-2026 16:02:46 [main] LogUtils - ? Test case loginFailWithInvalidEmail is passed.
🗑 Deleted video: loginFailWithInvalidEmail-23-07-2026 16-02-45.avi
]]></system-out>
    <system-err><![CDATA[Jul 23, 2026 4:02:45 PM org.openqa.selenium.devtools.CdpVersionFinder findNearestMatch
WARNING: Unable to find CDP implementation matching 150
Jul 23, 2026 4:02:45 PM org.openqa.selenium.chromium.ChromiumDriver lambda$new$4
WARNING: Unable to find version of CDP to use for 150.0.7871.129. You may need to include a dependency on a specific version of the CDP using something similar to `org.seleniumhq.selenium:selenium-devtools-v86:4.34.0` where the version ("v86") matches the version of the chromium-based browser you're using and the version number of the artifact is the same as Selenium's.
[main] ERROR io.qameta.allure.AllureLifecycle - Could not add attachment: no test is running
]]></system-err>
  </testcase>
  <testcase name="loginFailWithInvalidPassword" classname="ui.testcases.LoginTestByExcelFile" time="2.344">
    <system-out><![CDATA[[INFO] 23-07-2026 16:02:47 [main] LogUtils - ? Browser closed
[INFO] 23-07-2026 16:02:49 [main] LogUtils - ? Browser launched: chrome
[INFO] 23-07-2026 16:02:49 [main] LogUtils - ?? Start run test case: loginFailWithInvalidPassword
🎥 Start recording: loginFailWithInvalidPassword
[INFO] 23-07-2026 16:02:49 [main] LogUtils - Page loaded successfully.
[INFO] 23-07-2026 16:02:49 [main] LogUtils - ? Open URL: https://crm.anhtester.com/admin/authentication
[INFO] 23-07-2026 16:02:50 [main] LogUtils - Clear text of element By.xpath: //input[@id='email']
[INFO] 23-07-2026 16:02:50 [main] LogUtils - Set text: admin@example.com on element By.xpath: //input[@id='email']
[INFO] 23-07-2026 16:02:50 [main] LogUtils - Clear text of element By.xpath: //input[@id='password']
[INFO] 23-07-2026 16:02:50 [main] LogUtils - Set text: 123456789 on element By.xpath: //input[@id='password']
[INFO] 23-07-2026 16:02:50 [main] LogUtils - Click element By.xpath: //button[normalize-space()='Login']
[INFO] 23-07-2026 16:02:50 [main] LogUtils - Current URL: https://crm.anhtester.com/admin/authentication
[INFO] 23-07-2026 16:02:50 [main] LogUtils - Assert contains: https://crm.anhtester.com/admin/authentication ?? authentication
[INFO] 23-07-2026 16:02:50 [main] LogUtils - Element By.xpath: //div[contains(@class,'alert alert-danger')] is displayed: true
[INFO] 23-07-2026 16:02:50 [main] LogUtils - Assert true: true
[INFO] 23-07-2026 16:02:50 [main] LogUtils - Get text of element By.xpath: //div[contains(@class,'alert alert-danger')]: Invalid email or password
[INFO] 23-07-2026 16:02:50 [main] LogUtils - Assert equals: Invalid email or password ? Invalid email or password
[INFO] 23-07-2026 16:02:50 [main] LogUtils - ? Test case loginFailWithInvalidPassword is passed.
🗑 Deleted video: loginFailWithInvalidPassword-23-07-2026 16-02-49.avi
]]></system-out>
    <system-err><![CDATA[Jul 23, 2026 4:02:49 PM org.openqa.selenium.devtools.CdpVersionFinder findNearestMatch
WARNING: Unable to find CDP implementation matching 150
Jul 23, 2026 4:02:49 PM org.openqa.selenium.chromium.ChromiumDriver lambda$new$4
WARNING: Unable to find version of CDP to use for 150.0.7871.129. You may need to include a dependency on a specific version of the CDP using something similar to `org.seleniumhq.selenium:selenium-devtools-v86:4.34.0` where the version ("v86") matches the version of the chromium-based browser you're using and the version number of the artifact is the same as Selenium's.
[main] ERROR io.qameta.allure.AllureLifecycle - Could not add attachment: no test is running
]]></system-err>
  </testcase>
  <testcase name="loginFailWithEmptyEmail" classname="ui.testcases.LoginTestByExcelFile" time="2.155">
    <system-out><![CDATA[[INFO] 23-07-2026 16:02:51 [main] LogUtils - ? Browser closed
[INFO] 23-07-2026 16:02:53 [main] LogUtils - ? Browser launched: chrome
[INFO] 23-07-2026 16:02:53 [main] LogUtils - ?? Start run test case: loginFailWithEmptyEmail
🎥 Start recording: loginFailWithEmptyEmail
[INFO] 23-07-2026 16:02:54 [main] LogUtils - Page loaded successfully.
[INFO] 23-07-2026 16:02:54 [main] LogUtils - ? Open URL: https://crm.anhtester.com/admin/authentication
[INFO] 23-07-2026 16:02:54 [main] LogUtils - Clear text of element By.xpath: //input[@id='email']
[INFO] 23-07-2026 16:02:54 [main] LogUtils - Set text:  on element By.xpath: //input[@id='email']
[INFO] 23-07-2026 16:02:54 [main] LogUtils - Clear text of element By.xpath: //input[@id='password']
[INFO] 23-07-2026 16:02:54 [main] LogUtils - Set text: 123456 on element By.xpath: //input[@id='password']
[INFO] 23-07-2026 16:02:54 [main] LogUtils - Click element By.xpath: //button[normalize-space()='Login']
[INFO] 23-07-2026 16:02:54 [main] LogUtils - Current URL: https://crm.anhtester.com/admin/authentication
[INFO] 23-07-2026 16:02:54 [main] LogUtils - Assert contains: https://crm.anhtester.com/admin/authentication ?? authentication
[INFO] 23-07-2026 16:02:54 [main] LogUtils - Element By.xpath: //div[contains(@class,'alert alert-danger')] is displayed: true
[INFO] 23-07-2026 16:02:54 [main] LogUtils - Assert true: true
[INFO] 23-07-2026 16:02:54 [main] LogUtils - Get text of element By.xpath: //div[contains(@class,'alert alert-danger')]: The Email Address field is required.
[INFO] 23-07-2026 16:02:54 [main] LogUtils - Assert equals: The Email Address field is required. ? The Email Address field is required.
[INFO] 23-07-2026 16:02:54 [main] LogUtils - ? Test case loginFailWithEmptyEmail is passed.
🗑 Deleted video: loginFailWithEmptyEmail-23-07-2026 16-02-53.avi
]]></system-out>
    <system-err><![CDATA[Jul 23, 2026 4:02:53 PM org.openqa.selenium.devtools.CdpVersionFinder findNearestMatch
WARNING: Unable to find CDP implementation matching 150
Jul 23, 2026 4:02:53 PM org.openqa.selenium.chromium.ChromiumDriver lambda$new$4
WARNING: Unable to find version of CDP to use for 150.0.7871.129. You may need to include a dependency on a specific version of the CDP using something similar to `org.seleniumhq.selenium:selenium-devtools-v86:4.34.0` where the version ("v86") matches the version of the chromium-based browser you're using and the version number of the artifact is the same as Selenium's.
[main] ERROR io.qameta.allure.AllureLifecycle - Could not add attachment: no test is running
]]></system-err>
  </testcase>
  <testcase name="loginFailWithEmptyPassword" classname="ui.testcases.LoginTestByExcelFile" time="2.3">
    <system-out><![CDATA[[INFO] 23-07-2026 16:02:56 [main] LogUtils - ? Browser closed
[INFO] 23-07-2026 16:02:57 [main] LogUtils - ? Browser launched: chrome
[INFO] 23-07-2026 16:02:57 [main] LogUtils - ?? Start run test case: loginFailWithEmptyPassword
🎥 Start recording: loginFailWithEmptyPassword
[INFO] 23-07-2026 16:02:58 [main] LogUtils - Page loaded successfully.
[INFO] 23-07-2026 16:02:58 [main] LogUtils - ? Open URL: https://crm.anhtester.com/admin/authentication
[INFO] 23-07-2026 16:02:58 [main] LogUtils - Clear text of element By.xpath: //input[@id='email']
[INFO] 23-07-2026 16:02:58 [main] LogUtils - Set text: admin@example.com on element By.xpath: //input[@id='email']
[INFO] 23-07-2026 16:02:58 [main] LogUtils - Clear text of element By.xpath: //input[@id='password']
[INFO] 23-07-2026 16:02:58 [main] LogUtils - Set text:  on element By.xpath: //input[@id='password']
[INFO] 23-07-2026 16:02:58 [main] LogUtils - Click element By.xpath: //button[normalize-space()='Login']
[INFO] 23-07-2026 16:02:58 [main] LogUtils - Current URL: https://crm.anhtester.com/admin/authentication
[INFO] 23-07-2026 16:02:58 [main] LogUtils - Assert contains: https://crm.anhtester.com/admin/authentication ?? authentication
[INFO] 23-07-2026 16:02:58 [main] LogUtils - Element By.xpath: //div[contains(@class,'alert alert-danger')] is displayed: true
[INFO] 23-07-2026 16:02:58 [main] LogUtils - Assert true: true
[INFO] 23-07-2026 16:02:58 [main] LogUtils - Get text of element By.xpath: //div[contains(@class,'alert alert-danger')]: The Password field is required.
[INFO] 23-07-2026 16:02:58 [main] LogUtils - Assert equals: The Password field is required. ? The Password field is required.
[INFO] 23-07-2026 16:02:58 [main] LogUtils - ? Test case loginFailWithEmptyPassword is passed.
🗑 Deleted video: loginFailWithEmptyPassword-23-07-2026 16-02-57.avi
]]></system-out>
    <system-err><![CDATA[Jul 23, 2026 4:02:57 PM org.openqa.selenium.devtools.CdpVersionFinder findNearestMatch
WARNING: Unable to find CDP implementation matching 150
Jul 23, 2026 4:02:57 PM org.openqa.selenium.chromium.ChromiumDriver lambda$new$4
WARNING: Unable to find version of CDP to use for 150.0.7871.129. You may need to include a dependency on a specific version of the CDP using something similar to `org.seleniumhq.selenium:selenium-devtools-v86:4.34.0` where the version ("v86") matches the version of the chromium-based browser you're using and the version number of the artifact is the same as Selenium's.
[main] ERROR io.qameta.allure.AllureLifecycle - Could not add attachment: no test is running
]]></system-err>
  </testcase>
  <testcase name="CUSTOMER_001_CreateCustomerSuccessfully" classname="ui.testcases.CustomerTest" time="3.602">
    <system-out><![CDATA[[INFO] 23-07-2026 16:03:00 [main] LogUtils - ? Browser closed
[INFO] 23-07-2026 16:03:04 [main] LogUtils - ? Browser launched: chrome
[INFO] 23-07-2026 16:03:04 [main] LogUtils - ?? Start run test case: CUSTOMER_001_CreateCustomerSuccessfully
🎥 Start recording: CUSTOMER_001_CreateCustomerSuccessfully
[INFO] 23-07-2026 16:03:05 [main] LogUtils - Click element By.xpath: //span[normalize-space()='Customers']
[INFO] 23-07-2026 16:03:05 [main] LogUtils - getCustomerTotal: 1087
[INFO] 23-07-2026 16:03:05 [main] LogUtils - Click element By.xpath: //a[normalize-space()='New Customer']
[INFO] 23-07-2026 16:03:06 [main] LogUtils - Clear text of element By.xpath: //input[@id='company']
[INFO] 23-07-2026 16:03:06 [main] LogUtils - Set text: Bin Customer on element By.xpath: //input[@id='company']
[INFO] 23-07-2026 16:03:06 [main] LogUtils - Click element By.xpath: //button[@aria-owns='bs-select-2']
[INFO] 23-07-2026 16:03:06 [main] LogUtils - Click element By.xpath: //small[contains(text(),'€')]
[INFO] 23-07-2026 16:03:06 [main] LogUtils - Click element By.xpath: //button[contains(@class,'only-save')]
[INFO] 23-07-2026 16:03:06 [main] LogUtils - Get attribute value of element By.xpath: //input[@id='company']: Bin Customer
[INFO] 23-07-2026 16:03:06 [main] LogUtils - Assert equals: Bin Customer ? Bin Customer
[INFO] 23-07-2026 16:03:06 [main] LogUtils - Get text of element By.xpath: //button[@aria-owns='bs-select-2']: EUR
[INFO] 23-07-2026 16:03:06 [main] LogUtils - Assert equals: EUR ? EUR
[INFO] 23-07-2026 16:03:07 [main] LogUtils - Click element By.xpath: //span[normalize-space()='Customers']
[INFO] 23-07-2026 16:03:07 [main] LogUtils - getCustomerTotal: 1088
[INFO] 23-07-2026 16:03:07 [main] LogUtils - ? Test case CUSTOMER_001_CreateCustomerSuccessfully is passed.
🗑 Deleted video: CUSTOMER_001_CreateCustomerSuccessfully-23-07-2026 16-03-04.avi
]]></system-out>
    <system-err><![CDATA[Jul 23, 2026 4:03:02 PM org.openqa.selenium.devtools.CdpVersionFinder findNearestMatch
WARNING: Unable to find CDP implementation matching 150
Jul 23, 2026 4:03:02 PM org.openqa.selenium.chromium.ChromiumDriver lambda$new$4
WARNING: Unable to find version of CDP to use for 150.0.7871.129. You may need to include a dependency on a specific version of the CDP using something similar to `org.seleniumhq.selenium:selenium-devtools-v86:4.34.0` where the version ("v86") matches the version of the chromium-based browser you're using and the version number of the artifact is the same as Selenium's.
[main] ERROR io.qameta.allure.AllureLifecycle - Could not add attachment: no test is running
]]></system-err>
  </testcase>
  <testcase name="CONTACT_001_CreateContactSuccessfully" classname="ui.testcases.CustomerTest" time="9.302">
    <system-out><![CDATA[[INFO] 23-07-2026 16:03:08 [main] LogUtils - ? Browser closed
[INFO] 23-07-2026 16:03:12 [main] LogUtils - ? Browser launched: chrome
[INFO] 23-07-2026 16:03:12 [main] LogUtils - ?? Start run test case: CONTACT_001_CreateContactSuccessfully
🎥 Start recording: CONTACT_001_CreateContactSuccessfully
[INFO] 23-07-2026 16:03:12 [main] LogUtils - Click element By.xpath: //span[normalize-space()='Customers']
[INFO] 23-07-2026 16:03:13 [main] LogUtils - Clear text of element By.xpath: //input[@aria-controls='clients']
[INFO] 23-07-2026 16:03:13 [main] LogUtils - Set text: Bin Customer on element By.xpath: //input[@aria-controls='clients']
[INFO] 23-07-2026 16:03:16 [main] LogUtils - Move to element By.xpath: //a[normalize-space()='Bin Customer']
[INFO] 23-07-2026 16:03:17 [main] LogUtils - Click element By.xpath: //a[normalize-space()='View']
[INFO] 23-07-2026 16:03:17 [main] LogUtils - Click element By.xpath: //a[normalize-space()='Contacts']
[INFO] 23-07-2026 16:03:17 [main] LogUtils - Click element By.xpath: //a[normalize-space()='New Contact']
[INFO] 23-07-2026 16:03:18 [main] LogUtils - Clear text of element By.xpath: //input[@type='file']
[INFO] 23-07-2026 16:03:18 [main] LogUtils - Set text: C:\Users\BinDangVan\SeleniumAndRestAssured\src\test\resources\filetest\UK.jpg on element By.xpath: //input[@type='file']
[INFO] 23-07-2026 16:03:18 [main] LogUtils - Clear text of element By.xpath: //input[@id='firstname']
[INFO] 23-07-2026 16:03:18 [main] LogUtils - Set text: Bin on element By.xpath: //input[@id='firstname']
[INFO] 23-07-2026 16:03:18 [main] LogUtils - Clear text of element By.xpath: //input[@id='lastname']
[INFO] 23-07-2026 16:03:18 [main] LogUtils - Set text: Dang on element By.xpath: //input[@id='lastname']
[INFO] 23-07-2026 16:03:18 [main] LogUtils - Clear text of element By.xpath: //input[@id='email']
[INFO] 23-07-2026 16:03:18 [main] LogUtils - Set text: vbin561995@gmail.com on element By.xpath: //input[@id='email']
[INFO] 23-07-2026 16:03:18 [main] LogUtils - Clear text of element By.xpath: //input[@name='password']
[INFO] 23-07-2026 16:03:18 [main] LogUtils - Set text: 123456 on element By.xpath: //input[@name='password']
[INFO] 23-07-2026 16:03:18 [main] LogUtils - Click element By.xpath: //button[normalize-space()='Save']
[INFO] 23-07-2026 16:03:19 [main] LogUtils - Get text of element By.xpath: //span[@class='alert-title']: Contact added successfully.
[INFO] 23-07-2026 16:03:19 [main] LogUtils - Assert equals: Contact added successfully. ? Contact added successfully.
[INFO] 23-07-2026 16:03:19 [main] LogUtils - Click element By.xpath: //a[normalize-space()='Bin Dang']
[INFO] 23-07-2026 16:03:20 [main] LogUtils - Get attribute value of element By.xpath: //input[@id='firstname']: Bin
[INFO] 23-07-2026 16:03:20 [main] LogUtils - Assert equals: Bin ? Bin
[INFO] 23-07-2026 16:03:20 [main] LogUtils - Get attribute value of element By.xpath: //input[@id='lastname']: Dang
[INFO] 23-07-2026 16:03:20 [main] LogUtils - Assert equals: Dang ? Dang
[INFO] 23-07-2026 16:03:20 [main] LogUtils - Get attribute value of element By.xpath: //input[@id='email']: vbin561995@gmail.com
[INFO] 23-07-2026 16:03:20 [main] LogUtils - Assert equals: vbin561995@gmail.com ? vbin561995@gmail.com
[INFO] 23-07-2026 16:03:20 [main] LogUtils - Get attribute value of element By.xpath: //input[@name='password']: 
[INFO] 23-07-2026 16:03:20 [main] LogUtils - Assert equals:  ? 
[INFO] 23-07-2026 16:03:20 [main] LogUtils - ? Test case CONTACT_001_CreateContactSuccessfully is passed.
🗑 Deleted video: CONTACT_001_CreateContactSuccessfully-23-07-2026 16-03-12.avi
]]></system-out>
    <system-err><![CDATA[Jul 23, 2026 4:03:10 PM org.openqa.selenium.devtools.CdpVersionFinder findNearestMatch
WARNING: Unable to find CDP implementation matching 150
Jul 23, 2026 4:03:10 PM org.openqa.selenium.chromium.ChromiumDriver lambda$new$4
WARNING: Unable to find version of CDP to use for 150.0.7871.129. You may need to include a dependency on a specific version of the CDP using something similar to `org.seleniumhq.selenium:selenium-devtools-v86:4.34.0` where the version ("v86") matches the version of the chromium-based browser you're using and the version number of the artifact is the same as Selenium's.
[main] ERROR io.qameta.allure.AllureLifecycle - Could not add attachment: no test is running
]]></system-err>
  </testcase>
  <testcase name="CUSTOMER_002_DeleteCustomerSuccessfully" classname="ui.testcases.CustomerTest" time="7.638">
    <system-out><![CDATA[[INFO] 23-07-2026 16:03:21 [main] LogUtils - ? Browser closed
[INFO] 23-07-2026 16:03:25 [main] LogUtils - ? Browser launched: chrome
[INFO] 23-07-2026 16:03:25 [main] LogUtils - ?? Start run test case: CUSTOMER_002_DeleteCustomerSuccessfully
🎥 Start recording: CUSTOMER_002_DeleteCustomerSuccessfully
[INFO] 23-07-2026 16:03:26 [main] LogUtils - Click element By.xpath: //span[normalize-space()='Customers']
[INFO] 23-07-2026 16:03:26 [main] LogUtils - getCustomerTotal: 1088
[INFO] 23-07-2026 16:03:27 [main] LogUtils - Clear text of element By.xpath: //input[@aria-controls='clients']
[INFO] 23-07-2026 16:03:27 [main] LogUtils - Set text: Bin Customer on element By.xpath: //input[@aria-controls='clients']
[INFO] 23-07-2026 16:03:30 [main] LogUtils - Move to element By.xpath: //a[normalize-space()='Bin Customer']
[INFO] 23-07-2026 16:03:30 [main] LogUtils - Click element By.xpath: //a[normalize-space()='Delete']
[INFO] 23-07-2026 16:03:30 [main] LogUtils - Alert accepted.
[INFO] 23-07-2026 16:03:31 [main] LogUtils - Clear text of element By.xpath: //input[@aria-controls='clients']
[INFO] 23-07-2026 16:03:31 [main] LogUtils - Set text: Bin Customer on element By.xpath: //input[@aria-controls='clients']
[INFO] 23-07-2026 16:03:32 [main] LogUtils - Get text of element By.xpath: //td[@class='dataTables_empty']: No matching records found
[INFO] 23-07-2026 16:03:32 [main] LogUtils - Assert equals: No matching records found ? No matching records found
[INFO] 23-07-2026 16:03:32 [main] LogUtils - getCustomerTotal: 1087
[INFO] 23-07-2026 16:03:32 [main] LogUtils - ? Test case CUSTOMER_002_DeleteCustomerSuccessfully is passed.
🗑 Deleted video: CUSTOMER_002_DeleteCustomerSuccessfully-23-07-2026 16-03-25.avi
]]></system-out>
    <system-err><![CDATA[Jul 23, 2026 4:03:24 PM org.openqa.selenium.devtools.CdpVersionFinder findNearestMatch
WARNING: Unable to find CDP implementation matching 150
Jul 23, 2026 4:03:24 PM org.openqa.selenium.chromium.ChromiumDriver lambda$new$4
WARNING: Unable to find version of CDP to use for 150.0.7871.129. You may need to include a dependency on a specific version of the CDP using something similar to `org.seleniumhq.selenium:selenium-devtools-v86:4.34.0` where the version ("v86") matches the version of the chromium-based browser you're using and the version number of the artifact is the same as Selenium's.
[main] ERROR io.qameta.allure.AllureLifecycle - Could not add attachment: no test is running
]]></system-err>
  </testcase>
  <testcase name="verifyCreateProject" classname="ui.testcases.ProjectTest" time="7.553">
    <system-out><![CDATA[[INFO] 23-07-2026 16:03:33 [main] LogUtils - ? Browser closed
[INFO] 23-07-2026 16:03:37 [main] LogUtils - ? Browser launched: chrome
[INFO] 23-07-2026 16:03:37 [main] LogUtils - ?? Start run test case: verifyCreateProject
🎥 Start recording: verifyCreateProject
[INFO] 23-07-2026 16:03:37 [main] LogUtils - Click element By.xpath: //span[normalize-space()='Customers']
[INFO] 23-07-2026 16:03:38 [main] LogUtils - Click element By.xpath: //a[normalize-space()='New Customer']
[INFO] 23-07-2026 16:03:38 [main] LogUtils - Clear text of element By.xpath: //input[@id='company']
[INFO] 23-07-2026 16:03:38 [main] LogUtils - Set text: Bin Customer on element By.xpath: //input[@id='company']
[INFO] 23-07-2026 16:03:38 [main] LogUtils - Click element By.xpath: //button[@aria-owns='bs-select-2']
[INFO] 23-07-2026 16:03:38 [main] LogUtils - Click element By.xpath: //small[contains(text(),'€')]
[INFO] 23-07-2026 16:03:39 [main] LogUtils - Click element By.xpath: //button[contains(@class,'only-save')]
[INFO] 23-07-2026 16:03:39 [main] LogUtils - Click element By.xpath: //span[normalize-space()='Projects']
[INFO] 23-07-2026 16:03:39 [main] LogUtils - Get text of element By.xpath: //span[normalize-space()='Projects Summary']: Projects Summary
[INFO] 23-07-2026 16:03:39 [main] LogUtils - Assert equals: Projects Summary ? Projects Summary
[INFO] 23-07-2026 16:03:40 [main] LogUtils - Click element By.xpath: //a[normalize-space()='New Project']
[INFO] 23-07-2026 16:03:40 [main] LogUtils - Clear text of element By.xpath: //input[@id='name']
[INFO] 23-07-2026 16:03:40 [main] LogUtils - Set text: Bin Project on element By.xpath: //input[@id='name']
[INFO] 23-07-2026 16:03:40 [main] LogUtils - Click element By.xpath: //button[@data-id='clientid']
[INFO] 23-07-2026 16:03:40 [main] LogUtils - Clear text of element By.xpath: //input[@placeholder='Type to search...']
[INFO] 23-07-2026 16:03:40 [main] LogUtils - Set text: Bin Customer on element By.xpath: //input[@placeholder='Type to search...']
[INFO] 23-07-2026 16:03:42 [main] LogUtils - Click element By.xpath: //span[normalize-space()='Bin Customer']
[INFO] 23-07-2026 16:03:42 [main] LogUtils - Click element By.xpath: //label[normalize-space()='Calculate progress through tasks']
[INFO] 23-07-2026 16:03:42 [main] LogUtils - Click element By.xpath: //button[normalize-space()='Save']
[INFO] 23-07-2026 16:03:43 [main] LogUtils - Get text of element By.xpath: //span[@class='alert-title']: Project added successfully.
[INFO] 23-07-2026 16:03:43 [main] LogUtils - Assert equals: Project added successfully. ? Project added successfully.
[INFO] 23-07-2026 16:03:43 [main] LogUtils - Get text of element By.xpath: //button[@title='Bin Project - Bin Customer']: Bin Project - Bin Customer
[INFO] 23-07-2026 16:03:43 [main] LogUtils - Assert equals: Bin Project - Bin Customer ? Bin Project - Bin Customer
[INFO] 23-07-2026 16:03:43 [main] LogUtils - Get text of element By.xpath: //p[contains(@class,'project-info')]: Project Progress 50%
[INFO] 23-07-2026 16:03:43 [main] LogUtils - Assert equals: Project Progress 50% ? Project Progress 50%
[INFO] 23-07-2026 16:03:43 [main] LogUtils - Get text of element By.xpath: //dt[normalize-space()='Customer']: Customer
[INFO] 23-07-2026 16:03:43 [main] LogUtils - Assert equals: Customer ? Customer
[INFO] 23-07-2026 16:03:43 [main] LogUtils - Get text of element By.xpath: //a[normalize-space()='Bin Customer']: Bin Customer
[INFO] 23-07-2026 16:03:43 [main] LogUtils - Assert equals: Bin Customer ? Bin Customer
[INFO] 23-07-2026 16:03:43 [main] LogUtils - Get text of element By.xpath: //dt[normalize-space()='Status']: Status
[INFO] 23-07-2026 16:03:43 [main] LogUtils - Assert equals: Status ? Status
[INFO] 23-07-2026 16:03:43 [main] LogUtils - Get text of element By.xpath: //dd[normalize-space()='In Progress']: In Progress
[INFO] 23-07-2026 16:03:43 [main] LogUtils - Assert equals: In Progress ? In Progress
[INFO] 23-07-2026 16:03:43 [main] LogUtils - ? Test case verifyCreateProject is passed.
🗑 Deleted video: verifyCreateProject-23-07-2026 16-03-37.avi
]]></system-out>
    <system-err><![CDATA[Jul 23, 2026 4:03:35 PM org.openqa.selenium.devtools.CdpVersionFinder findNearestMatch
WARNING: Unable to find CDP implementation matching 150
Jul 23, 2026 4:03:35 PM org.openqa.selenium.chromium.ChromiumDriver lambda$new$4
WARNING: Unable to find version of CDP to use for 150.0.7871.129. You may need to include a dependency on a specific version of the CDP using something similar to `org.seleniumhq.selenium:selenium-devtools-v86:4.34.0` where the version ("v86") matches the version of the chromium-based browser you're using and the version number of the artifact is the same as Selenium's.
[main] ERROR io.qameta.allure.AllureLifecycle - Could not add attachment: no test is running
]]></system-err>
  </testcase>
  <testcase name="verifyDeleteProject" classname="ui.testcases.ProjectTest" time="11.748">
    <system-out><![CDATA[[INFO] 23-07-2026 16:03:45 [main] LogUtils - ? Browser closed
[INFO] 23-07-2026 16:03:49 [main] LogUtils - ? Browser launched: chrome
[INFO] 23-07-2026 16:03:49 [main] LogUtils - ?? Start run test case: verifyDeleteProject
🎥 Start recording: verifyDeleteProject
[INFO] 23-07-2026 16:03:49 [main] LogUtils - Click element By.xpath: //span[normalize-space()='Projects']
[INFO] 23-07-2026 16:03:50 [main] LogUtils - Clear text of element By.xpath: //input[@aria-controls='projects']
[INFO] 23-07-2026 16:03:50 [main] LogUtils - Set text: Bin Project on element By.xpath: //input[@aria-controls='projects']
[INFO] 23-07-2026 16:03:53 [main] LogUtils - Move to element By.xpath: //a[normalize-space()='Bin Project']
[INFO] 23-07-2026 16:03:53 [main] LogUtils - Click element By.xpath: //a[normalize-space()='Delete']
[INFO] 23-07-2026 16:03:53 [main] LogUtils - Alert accepted.
[INFO] 23-07-2026 16:03:54 [main] LogUtils - Clear text of element By.xpath: //input[@aria-controls='projects']
[INFO] 23-07-2026 16:03:54 [main] LogUtils - Set text: Bin Project on element By.xpath: //input[@aria-controls='projects']
[INFO] 23-07-2026 16:03:55 [main] LogUtils - Get text of element By.xpath: //td[@class='dataTables_empty']: No matching records found
[INFO] 23-07-2026 16:03:55 [main] LogUtils - Assert equals: No matching records found ? No matching records found
[INFO] 23-07-2026 16:03:55 [main] LogUtils - Click element By.xpath: //span[normalize-space()='Customers']
[INFO] 23-07-2026 16:03:56 [main] LogUtils - Clear text of element By.xpath: //input[@aria-controls='clients']
[INFO] 23-07-2026 16:03:56 [main] LogUtils - Set text: Bin Customer on element By.xpath: //input[@aria-controls='clients']
[INFO] 23-07-2026 16:03:59 [main] LogUtils - Move to element By.xpath: //a[normalize-space()='Bin Customer']
[INFO] 23-07-2026 16:03:59 [main] LogUtils - Click element By.xpath: //a[normalize-space()='Delete']
[INFO] 23-07-2026 16:03:59 [main] LogUtils - Alert accepted.
[INFO] 23-07-2026 16:03:59 [main] LogUtils - ? Test case verifyDeleteProject is passed.
🗑 Deleted video: verifyDeleteProject-23-07-2026 16-03-49.avi
]]></system-out>
    <system-err><![CDATA[Jul 23, 2026 4:03:47 PM org.openqa.selenium.devtools.CdpVersionFinder findNearestMatch
WARNING: Unable to find CDP implementation matching 150
Jul 23, 2026 4:03:47 PM org.openqa.selenium.chromium.ChromiumDriver lambda$new$4
WARNING: Unable to find version of CDP to use for 150.0.7871.129. You may need to include a dependency on a specific version of the CDP using something similar to `org.seleniumhq.selenium:selenium-devtools-v86:4.34.0` where the version ("v86") matches the version of the chromium-based browser you're using and the version number of the artifact is the same as Selenium's.
[main] ERROR io.qameta.allure.AllureLifecycle - Could not add attachment: no test is running
]]></system-err>
  </testcase>
  <testcase name="verifyNavigateToTaskKanban" classname="ui.testcases.TaskTest" time="2.217">
    <system-out><![CDATA[[INFO] 23-07-2026 16:04:02 [main] LogUtils - ? Browser closed
[INFO] 23-07-2026 16:04:06 [main] LogUtils - ? Browser launched: chrome
[INFO] 23-07-2026 16:04:06 [main] LogUtils - ?? Start run test case: verifyNavigateToTaskKanban
🎥 Start recording: verifyNavigateToTaskKanban
[INFO] 23-07-2026 16:04:06 [main] LogUtils - Click element By.xpath: //span[normalize-space()='Tasks']
[INFO] 23-07-2026 16:04:06 [main] LogUtils - Get text of element By.xpath: //span[normalize-space()='Tasks Summary']: Tasks Summary
[INFO] 23-07-2026 16:04:06 [main] LogUtils - Assert equals: Tasks Summary ? Tasks Summary
[INFO] 23-07-2026 16:04:07 [main] LogUtils - Click element By.xpath: //i[@class='fa-solid fa-grip-vertical']
[INFO] 23-07-2026 16:04:07 [main] LogUtils - checkElementExist: true --- By.xpath: //i[@class='fa-solid fa-table-list']
[INFO] 23-07-2026 16:04:07 [main] LogUtils - ? Test case verifyNavigateToTaskKanban is passed.
🗑 Deleted video: verifyNavigateToTaskKanban-23-07-2026 16-04-06.avi
]]></system-out>
    <system-err><![CDATA[Jul 23, 2026 4:04:03 PM org.openqa.selenium.devtools.CdpVersionFinder findNearestMatch
WARNING: Unable to find CDP implementation matching 150
Jul 23, 2026 4:04:03 PM org.openqa.selenium.chromium.ChromiumDriver lambda$new$4
WARNING: Unable to find version of CDP to use for 150.0.7871.129. You may need to include a dependency on a specific version of the CDP using something similar to `org.seleniumhq.selenium:selenium-devtools-v86:4.34.0` where the version ("v86") matches the version of the chromium-based browser you're using and the version number of the artifact is the same as Selenium's.
[main] ERROR io.qameta.allure.AllureLifecycle - Could not add attachment: no test is running
]]></system-err>
  </testcase>
  <testcase name="verifyCreateTask" classname="ui.testcases.TaskTest" time="4.228">
    <system-out><![CDATA[[INFO] 23-07-2026 16:04:08 [main] LogUtils - ? Browser closed
[INFO] 23-07-2026 16:04:12 [main] LogUtils - ? Browser launched: chrome
[INFO] 23-07-2026 16:04:12 [main] LogUtils - ?? Start run test case: verifyCreateTask
🎥 Start recording: verifyCreateTask
[INFO] 23-07-2026 16:04:13 [main] LogUtils - Click element By.xpath: //span[normalize-space()='Tasks']
[INFO] 23-07-2026 16:04:13 [main] LogUtils - Click element By.xpath: //i[@class='fa-solid fa-grip-vertical']
[INFO] 23-07-2026 16:04:13 [main] LogUtils - Click element By.xpath: //a[normalize-space()='New Task']
[INFO] 23-07-2026 16:04:14 [main] LogUtils - Get text of element By.xpath: //h4[normalize-space()='Add new task']: Add new task
[INFO] 23-07-2026 16:04:14 [main] LogUtils - Assert equals: Add new task ? Add new task
[INFO] 23-07-2026 16:04:14 [main] LogUtils - Get text of element By.xpath: //label[@for='name']: * Subject
[INFO] 23-07-2026 16:04:14 [main] LogUtils - Assert equals: * Subject ? * Subject
[INFO] 23-07-2026 16:04:14 [main] LogUtils - UI date:  | Expected today: 23-07-2026
[INFO] 23-07-2026 16:04:14 [main] LogUtils - Clear text of element By.xpath: //input[@id='name']
[INFO] 23-07-2026 16:04:14 [main] LogUtils - Set text: Bin Task on element By.xpath: //input[@id='name']
[INFO] 23-07-2026 16:04:14 [main] LogUtils - Click element By.xpath: //button[normalize-space()='Save']
[INFO] 23-07-2026 16:04:15 [main] LogUtils - Get text of element By.xpath: //span[@class='alert-title']: Task added successfully.
[INFO] 23-07-2026 16:04:15 [main] LogUtils - Assert equals: Task added successfully. ? Task added successfully.
[INFO] 23-07-2026 16:04:15 [main] LogUtils - Get text of element By.xpath: //h4[contains(@class,'modal-title ')]: Bin Task
In Progress
[INFO] 23-07-2026 16:04:15 [main] LogUtils - Assert equals: Bin Task In Progress ? Bin Task In Progress
[INFO] 23-07-2026 16:04:15 [main] LogUtils - Get text of element By.xpath: //span[contains(@class,'trigger') and normalize-space()='In Progress']: In Progress
[INFO] 23-07-2026 16:04:15 [main] LogUtils - Assert equals: In Progress ? In Progress
[INFO] 23-07-2026 16:04:15 [main] LogUtils - ? Test case verifyCreateTask is passed.
🗑 Deleted video: verifyCreateTask-23-07-2026 16-04-12.avi
]]></system-out>
    <system-err><![CDATA[Jul 23, 2026 4:04:10 PM org.openqa.selenium.devtools.CdpVersionFinder findNearestMatch
WARNING: Unable to find CDP implementation matching 150
Jul 23, 2026 4:04:10 PM org.openqa.selenium.chromium.ChromiumDriver lambda$new$4
WARNING: Unable to find version of CDP to use for 150.0.7871.129. You may need to include a dependency on a specific version of the CDP using something similar to `org.seleniumhq.selenium:selenium-devtools-v86:4.34.0` where the version ("v86") matches the version of the chromium-based browser you're using and the version number of the artifact is the same as Selenium's.
[main] ERROR io.qameta.allure.AllureLifecycle - Could not add attachment: no test is running
]]></system-err>
  </testcase>
  <testcase name="verifyCompleteTask" classname="ui.testcases.TaskTest" time="10.081">
    <system-out><![CDATA[[INFO] 23-07-2026 16:04:17 [main] LogUtils - ? Browser closed
[INFO] 23-07-2026 16:04:20 [main] LogUtils - ? Browser launched: chrome
[INFO] 23-07-2026 16:04:20 [main] LogUtils - ?? Start run test case: verifyCompleteTask
🎥 Start recording: verifyCompleteTask
[INFO] 23-07-2026 16:04:21 [main] LogUtils - Click element By.xpath: //span[normalize-space()='Tasks']
[INFO] 23-07-2026 16:04:21 [main] LogUtils - Click element By.xpath: //i[@class='fa-solid fa-grip-vertical']
[INFO] 23-07-2026 16:04:21 [main] LogUtils - Clear text of element By.xpath: //input[@id='search']
[INFO] 23-07-2026 16:04:21 [main] LogUtils - Set text: Bin Task on element By.xpath: //input[@id='search']
[INFO] 23-07-2026 16:04:24 [main] LogUtils - Move to element By.xpath: //span[normalize-space()='Bin Task']
[INFO] 23-07-2026 16:04:25 [main] LogUtils - Click element By.xpath: //span[normalize-space()='Bin Task']
[INFO] 23-07-2026 16:04:28 [main] LogUtils - Move to element By.xpath: //i[@class='fa fa-check']
[INFO] 23-07-2026 16:04:28 [main] LogUtils - Click element By.xpath: //i[@class='fa fa-check']
✅ Page is refreshed and element is reloaded successfully.
[INFO] 23-07-2026 16:04:28 [main] LogUtils - Click element By.xpath: //i[@class='fa-solid fa-table-list']
[INFO] 23-07-2026 16:04:29 [main] LogUtils - Click element By.xpath: //i[@class='fa-solid fa-grip-vertical']
[INFO] 23-07-2026 16:04:29 [main] LogUtils - Get text of element By.xpath: //div[@class='panel-heading'][contains(text(),'Complete')]: Complete - 1 Tasks
[INFO] 23-07-2026 16:04:29 [main] LogUtils - Assert equals: Complete - 1 Tasks ? Complete - 1 Tasks
[INFO] 23-07-2026 16:04:29 [main] LogUtils - ? Test case verifyCompleteTask is passed.
🗑 Deleted video: verifyCompleteTask-23-07-2026 16-04-20.avi
]]></system-out>
    <system-err><![CDATA[Jul 23, 2026 4:04:18 PM org.openqa.selenium.devtools.CdpVersionFinder findNearestMatch
WARNING: Unable to find CDP implementation matching 150
Jul 23, 2026 4:04:18 PM org.openqa.selenium.chromium.ChromiumDriver lambda$new$4
WARNING: Unable to find version of CDP to use for 150.0.7871.129. You may need to include a dependency on a specific version of the CDP using something similar to `org.seleniumhq.selenium:selenium-devtools-v86:4.34.0` where the version ("v86") matches the version of the chromium-based browser you're using and the version number of the artifact is the same as Selenium's.
[main] ERROR io.qameta.allure.AllureLifecycle - Could not add attachment: no test is running
]]></system-err>
  </testcase>
  <testcase name="verifyEditTask" classname="ui.testcases.TaskTest" time="7.596">
    <system-out><![CDATA[[INFO] 23-07-2026 16:04:31 [main] LogUtils - ? Browser closed
[INFO] 23-07-2026 16:04:34 [main] LogUtils - ? Browser launched: chrome
[INFO] 23-07-2026 16:04:34 [main] LogUtils - ?? Start run test case: verifyEditTask
🎥 Start recording: verifyEditTask
[INFO] 23-07-2026 16:04:35 [main] LogUtils - Click element By.xpath: //span[normalize-space()='Tasks']
[INFO] 23-07-2026 16:04:35 [main] LogUtils - Click element By.xpath: //i[@class='fa-solid fa-grip-vertical']
[INFO] 23-07-2026 16:04:35 [main] LogUtils - Clear text of element By.xpath: //input[@id='search']
[INFO] 23-07-2026 16:04:35 [main] LogUtils - Set text: Bin Task on element By.xpath: //input[@id='search']
[INFO] 23-07-2026 16:04:39 [main] LogUtils - Move to element By.xpath: //span[normalize-space()='Bin Task']
[INFO] 23-07-2026 16:04:39 [main] LogUtils - Click element By.xpath: //span[normalize-space()='Bin Task']
[INFO] 23-07-2026 16:04:39 [main] LogUtils - Click element By.xpath: //a[@class='trigger manual-popover mright5']
[INFO] 23-07-2026 16:04:40 [main] LogUtils - Click element By.xpath: //div[@class='popover-content']//ul//li//a[@href='#'][normalize-space()='Edit']
[INFO] 23-07-2026 16:04:41 [main] LogUtils - Clear text of element By.xpath: //input[@id='name']
[INFO] 23-07-2026 16:04:41 [main] LogUtils - Set text: Bin updated Task on element By.xpath: //input[@id='name']
[INFO] 23-07-2026 16:04:41 [main] LogUtils - Click element By.xpath: //button[normalize-space()='Save']
[INFO] 23-07-2026 16:04:41 [main] LogUtils - Get text of element By.xpath: //ul[@data-col-status-id='1']//h4[contains(.,'No Tasks Found')]: No Tasks Found
[INFO] 23-07-2026 16:04:41 [main] LogUtils - Assert equals: No Tasks Found ? No Tasks Found
[INFO] 23-07-2026 16:04:41 [main] LogUtils - Get text of element By.xpath: //ul[@data-col-status-id='4']//h4[contains(.,'No Tasks Found')]: No Tasks Found
[INFO] 23-07-2026 16:04:41 [main] LogUtils - Assert equals: No Tasks Found ? No Tasks Found
[INFO] 23-07-2026 16:04:41 [main] LogUtils - Get text of element By.xpath: //ul[@data-col-status-id='3']//h4[contains(.,'No Tasks Found')]: No Tasks Found
[INFO] 23-07-2026 16:04:41 [main] LogUtils - Assert equals: No Tasks Found ? No Tasks Found
[INFO] 23-07-2026 16:04:41 [main] LogUtils - Get text of element By.xpath: //ul[@data-col-status-id='2']//h4[contains(.,'No Tasks Found')]: No Tasks Found
[INFO] 23-07-2026 16:04:41 [main] LogUtils - Assert equals: No Tasks Found ? No Tasks Found
[INFO] 23-07-2026 16:04:41 [main] LogUtils - ? Test case verifyEditTask is passed.
🗑 Deleted video: verifyEditTask-23-07-2026 16-04-34.avi
]]></system-out>
    <system-err><![CDATA[Jul 23, 2026 4:04:32 PM org.openqa.selenium.devtools.CdpVersionFinder findNearestMatch
WARNING: Unable to find CDP implementation matching 150
Jul 23, 2026 4:04:32 PM org.openqa.selenium.chromium.ChromiumDriver lambda$new$4
WARNING: Unable to find version of CDP to use for 150.0.7871.129. You may need to include a dependency on a specific version of the CDP using something similar to `org.seleniumhq.selenium:selenium-devtools-v86:4.34.0` where the version ("v86") matches the version of the chromium-based browser you're using and the version number of the artifact is the same as Selenium's.
[main] ERROR io.qameta.allure.AllureLifecycle - Could not add attachment: no test is running
]]></system-err>
  </testcase>
  <testcase name="verifyDragDropTask" classname="ui.testcases.TaskTest" time="6.807">
    <system-out><![CDATA[[INFO] 23-07-2026 16:04:42 [main] LogUtils - ? Browser closed
[INFO] 23-07-2026 16:04:46 [main] LogUtils - ? Browser launched: chrome
[INFO] 23-07-2026 16:04:46 [main] LogUtils - ?? Start run test case: verifyDragDropTask
🎥 Start recording: verifyDragDropTask
[INFO] 23-07-2026 16:04:46 [main] LogUtils - Click element By.xpath: //span[normalize-space()='Tasks']
[INFO] 23-07-2026 16:04:47 [main] LogUtils - Click element By.xpath: //i[@class='fa-solid fa-grip-vertical']
[INFO] 23-07-2026 16:04:47 [main] LogUtils - Clear text of element By.xpath: //input[@id='search']
[INFO] 23-07-2026 16:04:47 [main] LogUtils - Set text: Bin updated Task on element By.xpath: //input[@id='search']
[INFO] 23-07-2026 16:04:50 [main] LogUtils - Move to element By.xpath: //span[normalize-space()='Bin updated Task']
[INFO] 23-07-2026 16:04:51 [main] LogUtils - Dragged and dropped element from By.xpath: //ul[@data-task-status-id='5'] to By.xpath: //ul[@data-col-status-id='1']//h4[contains(.,'No Tasks Found')]
[INFO] 23-07-2026 16:04:52 [main] LogUtils - Get text of element By.xpath: //div[@class='panel-heading'][contains(text(),'Complete')]: Complete - 0 Tasks
[INFO] 23-07-2026 16:04:52 [main] LogUtils - Assert equals: Complete - 0 Tasks ? Complete - 0 Tasks
[INFO] 23-07-2026 16:04:52 [main] LogUtils - Get text of element By.xpath: //div[@class='panel-heading'][contains(text(),'Not Started')]: Not Started - 1 Tasks
[INFO] 23-07-2026 16:04:52 [main] LogUtils - Assert equals: Not Started - 1 Tasks ? Not Started - 1 Tasks
[INFO] 23-07-2026 16:04:52 [main] LogUtils - ? Test case verifyDragDropTask is passed.
🗑 Deleted video: verifyDragDropTask-23-07-2026 16-04-46.avi
]]></system-out>
    <system-err><![CDATA[Jul 23, 2026 4:04:44 PM org.openqa.selenium.devtools.CdpVersionFinder findNearestMatch
WARNING: Unable to find CDP implementation matching 150
Jul 23, 2026 4:04:44 PM org.openqa.selenium.chromium.ChromiumDriver lambda$new$4
WARNING: Unable to find version of CDP to use for 150.0.7871.129. You may need to include a dependency on a specific version of the CDP using something similar to `org.seleniumhq.selenium:selenium-devtools-v86:4.34.0` where the version ("v86") matches the version of the chromium-based browser you're using and the version number of the artifact is the same as Selenium's.
[main] ERROR io.qameta.allure.AllureLifecycle - Could not add attachment: no test is running
]]></system-err>
  </testcase>
  <testcase name="verifyDeleteTask" classname="ui.testcases.TaskTest" time="7.571">
    <system-out><![CDATA[[INFO] 23-07-2026 16:04:53 [main] LogUtils - ? Browser closed
[INFO] 23-07-2026 16:04:56 [main] LogUtils - ? Browser launched: chrome
[INFO] 23-07-2026 16:04:56 [main] LogUtils - ?? Start run test case: verifyDeleteTask
🎥 Start recording: verifyDeleteTask
[INFO] 23-07-2026 16:04:57 [main] LogUtils - Click element By.xpath: //span[normalize-space()='Tasks']
[INFO] 23-07-2026 16:04:57 [main] LogUtils - Clear text of element By.xpath: //input[@aria-controls='tasks']
[INFO] 23-07-2026 16:04:57 [main] LogUtils - Set text: Bin updated Task on element By.xpath: //input[@aria-controls='tasks']
[INFO] 23-07-2026 16:05:01 [main] LogUtils - Move to element By.xpath: //a[normalize-space()='Bin updated Task']
[INFO] 23-07-2026 16:05:01 [main] LogUtils - Click element By.xpath: //a[normalize-space()='Delete']
[INFO] 23-07-2026 16:05:01 [main] LogUtils - Alert accepted.
[INFO] 23-07-2026 16:05:01 [main] LogUtils - Clear text of element By.xpath: //input[@aria-controls='tasks']
[INFO] 23-07-2026 16:05:02 [main] LogUtils - Set text: Bin updated Task on element By.xpath: //input[@aria-controls='tasks']
[INFO] 23-07-2026 16:05:03 [main] LogUtils - Get text of element By.xpath: //td[@class='dataTables_empty']: No matching records found
[INFO] 23-07-2026 16:05:03 [main] LogUtils - Assert equals: No matching records found ? No matching records found
[INFO] 23-07-2026 16:05:03 [main] LogUtils - ? Test case verifyDeleteTask is passed.
🗑 Deleted video: verifyDeleteTask-23-07-2026 16-04-56.avi
]]></system-out>
    <system-err><![CDATA[Jul 23, 2026 4:04:55 PM org.openqa.selenium.devtools.CdpVersionFinder findNearestMatch
WARNING: Unable to find CDP implementation matching 150
Jul 23, 2026 4:04:55 PM org.openqa.selenium.chromium.ChromiumDriver lambda$new$4
WARNING: Unable to find version of CDP to use for 150.0.7871.129. You may need to include a dependency on a specific version of the CDP using something similar to `org.seleniumhq.selenium:selenium-devtools-v86:4.34.0` where the version ("v86") matches the version of the chromium-based browser you're using and the version number of the artifact is the same as Selenium's.
[main] ERROR io.qameta.allure.AllureLifecycle - Could not add attachment: no test is running
]]></system-err>
  </testcase>
  <testcase name="CONTRACT_001_CreateContractSuccessfully" classname="ui.testcases.ContractsTest" time="8.3">
    <system-out><![CDATA[[INFO] 23-07-2026 16:05:04 [main] LogUtils - ? Browser closed
[INFO] 23-07-2026 16:05:07 [main] LogUtils - ? Browser launched: chrome
[INFO] 23-07-2026 16:05:07 [main] LogUtils - ?? Start run test case: CONTRACT_001_CreateContractSuccessfully
🎥 Start recording: CONTRACT_001_CreateContractSuccessfully
[INFO] 23-07-2026 16:05:08 [main] LogUtils - Click element By.xpath: //span[normalize-space()='Customers']
[INFO] 23-07-2026 16:05:08 [main] LogUtils - Click element By.xpath: //a[normalize-space()='New Customer']
[INFO] 23-07-2026 16:05:08 [main] LogUtils - Clear text of element By.xpath: //input[@id='company']
[INFO] 23-07-2026 16:05:08 [main] LogUtils - Set text: Bin Customer on element By.xpath: //input[@id='company']
[INFO] 23-07-2026 16:05:08 [main] LogUtils - Click element By.xpath: //button[@aria-owns='bs-select-2']
[INFO] 23-07-2026 16:05:09 [main] LogUtils - Click element By.xpath: //small[contains(text(),'€')]
[INFO] 23-07-2026 16:05:09 [main] LogUtils - Click element By.xpath: //button[contains(@class,'only-save')]
[INFO] 23-07-2026 16:05:10 [main] LogUtils - Click element By.xpath: //span[normalize-space()='Contracts']
[INFO] 23-07-2026 16:05:10 [main] LogUtils - Click element By.xpath: //a[normalize-space()='New Contract']
[INFO] 23-07-2026 16:05:10 [main] LogUtils - Click element By.xpath: //button[@data-id='clientid']
[INFO] 23-07-2026 16:05:11 [main] LogUtils - Clear text of element By.xpath: //input[@placeholder='Type to search...']
[INFO] 23-07-2026 16:05:11 [main] LogUtils - Set text: Bin Customer on element By.xpath: //input[@placeholder='Type to search...']
[INFO] 23-07-2026 16:05:12 [main] LogUtils - Click element By.xpath: //span[normalize-space()='Bin Customer']
[INFO] 23-07-2026 16:05:12 [main] LogUtils - Clear text of element By.xpath: //input[@id='subject']
[INFO] 23-07-2026 16:05:12 [main] LogUtils - Set text: Bin Subject on element By.xpath: //input[@id='subject']
[INFO] 23-07-2026 16:05:12 [main] LogUtils - Clear text of element By.xpath: //input[@name='contract_value']
[INFO] 23-07-2026 16:05:12 [main] LogUtils - Set text: 1000 on element By.xpath: //input[@name='contract_value']
[INFO] 23-07-2026 16:05:12 [main] LogUtils - Click element By.xpath: //button[@data-id='contract_type']
[INFO] 23-07-2026 16:05:12 [main] LogUtils - Clear text of element By.xpath: //input[@aria-controls='bs-select-1']
[INFO] 23-07-2026 16:05:12 [main] LogUtils - Set text: 1 on element By.xpath: //input[@aria-controls='bs-select-1']
[INFO] 23-07-2026 16:05:12 [main] LogUtils - Click element By.xpath: //span[normalize-space()='1']
[INFO] 23-07-2026 16:05:13 [main] LogUtils - Clear text of element By.xpath: //input[@id='datestart']
[INFO] 23-07-2026 16:05:13 [main] LogUtils - Set text: 18-11-2040 on element By.xpath: //input[@id='datestart']
[INFO] 23-07-2026 16:05:13 [main] LogUtils - Clear text of element By.xpath: //input[@id='dateend']
[INFO] 23-07-2026 16:05:13 [main] LogUtils - Set text: 18-11-2040 on element By.xpath: //input[@id='dateend']
[INFO] 23-07-2026 16:05:13 [main] LogUtils - Clear text of element By.xpath: //textarea[@id='description']
[INFO] 23-07-2026 16:05:13 [main] LogUtils - Set text: Bin Description on element By.xpath: //textarea[@id='description']
[INFO] 23-07-2026 16:05:13 [main] LogUtils - Click element By.xpath: //div[contains(@class,'btn')]//button[@type='submit']
[INFO] 23-07-2026 16:05:14 [main] LogUtils - Get text of element By.xpath: //span[@class='alert-title']: Contract added successfully.
[INFO] 23-07-2026 16:05:14 [main] LogUtils - Assert equals: Contract added successfully. ? Contract added successfully.
[INFO] 23-07-2026 16:05:14 [main] LogUtils - Get text of element By.xpath: //div[contains(text(),'Bin Customer')]: Bin Customer
[INFO] 23-07-2026 16:05:14 [main] LogUtils - Assert equals: Bin Customer ? Bin Customer
[INFO] 23-07-2026 16:05:14 [main] LogUtils - Get attribute value of element By.xpath: //input[@id='subject']: Bin Subject
[INFO] 23-07-2026 16:05:14 [main] LogUtils - Assert equals: Bin Subject ? Bin Subject
[INFO] 23-07-2026 16:05:14 [main] LogUtils - Get attribute value of element By.xpath: //input[@name='contract_value']: 1000.00
[INFO] 23-07-2026 16:05:14 [main] LogUtils - Assert equals: 1000.0 ? 1000.0
[INFO] 23-07-2026 16:05:14 [main] LogUtils - Get text of element By.xpath: //div[contains(text(),'1')]: 1
[INFO] 23-07-2026 16:05:14 [main] LogUtils - Assert equals: 1 ? 1
[INFO] 23-07-2026 16:05:14 [main] LogUtils - Get attribute value of element By.xpath: //input[@id='datestart']: 18-11-2040
[INFO] 23-07-2026 16:05:14 [main] LogUtils - Assert equals: 18-11-2040 ? 18-11-2040
[INFO] 23-07-2026 16:05:14 [main] LogUtils - Get attribute value of element By.xpath: //input[@id='dateend']: 18-11-2040
[INFO] 23-07-2026 16:05:14 [main] LogUtils - Assert equals: 18-11-2040 ? 18-11-2040
[INFO] 23-07-2026 16:05:14 [main] LogUtils - Get attribute value of element By.xpath: //form[@id='contract-form']//textarea[@id='description']: Bin Description
[INFO] 23-07-2026 16:05:14 [main] LogUtils - Assert equals: Bin Description ? Bin Description
[INFO] 23-07-2026 16:05:14 [main] LogUtils - ? Test case CONTRACT_001_CreateContractSuccessfully is passed.
🗑 Deleted video: CONTRACT_001_CreateContractSuccessfully-23-07-2026 16-05-07.avi
]]></system-out>
    <system-err><![CDATA[Jul 23, 2026 4:05:05 PM org.openqa.selenium.devtools.CdpVersionFinder findNearestMatch
WARNING: Unable to find CDP implementation matching 150
Jul 23, 2026 4:05:05 PM org.openqa.selenium.chromium.ChromiumDriver lambda$new$4
WARNING: Unable to find version of CDP to use for 150.0.7871.129. You may need to include a dependency on a specific version of the CDP using something similar to `org.seleniumhq.selenium:selenium-devtools-v86:4.34.0` where the version ("v86") matches the version of the chromium-based browser you're using and the version number of the artifact is the same as Selenium's.
[main] ERROR io.qameta.allure.AllureLifecycle - Could not add attachment: no test is running
]]></system-err>
  </testcase>
  <testcase name="CONTRACT_002_UpdateContractSuccessfully" classname="ui.testcases.ContractsTest" time="7.933">
    <system-out><![CDATA[[INFO] 23-07-2026 16:05:16 [main] LogUtils - ? Browser closed
[INFO] 23-07-2026 16:05:20 [main] LogUtils - ? Browser launched: chrome
[INFO] 23-07-2026 16:05:20 [main] LogUtils - ?? Start run test case: CONTRACT_002_UpdateContractSuccessfully
🎥 Start recording: CONTRACT_002_UpdateContractSuccessfully
[INFO] 23-07-2026 16:05:21 [main] LogUtils - Click element By.xpath: //span[normalize-space()='Contracts']
[INFO] 23-07-2026 16:05:21 [main] LogUtils - Clear text of element By.xpath: //input[@aria-controls='contracts']
[INFO] 23-07-2026 16:05:21 [main] LogUtils - Set text: Bin Subject on element By.xpath: //input[@aria-controls='contracts']
[INFO] 23-07-2026 16:05:24 [main] LogUtils - Move to element By.xpath: //a[normalize-space()='Bin Subject']
[INFO] 23-07-2026 16:05:25 [main] LogUtils - Click element By.xpath: //div[@class='row-options']//a[contains(text(),'Edit')]
[INFO] 23-07-2026 16:05:25 [main] LogUtils - Clear text of element By.xpath: //input[@id='subject']
[INFO] 23-07-2026 16:05:25 [main] LogUtils - Set text: Bin Subject Updated on element By.xpath: //input[@id='subject']
[INFO] 23-07-2026 16:05:25 [main] LogUtils - Clear text of element By.xpath: //input[@name='contract_value']
[INFO] 23-07-2026 16:05:25 [main] LogUtils - Set text: 2000 on element By.xpath: //input[@name='contract_value']
[INFO] 23-07-2026 16:05:25 [main] LogUtils - Clear text of element By.xpath: //input[@id='datestart']
[INFO] 23-07-2026 16:05:25 [main] LogUtils - Set text: 18-11-2045 on element By.xpath: //input[@id='datestart']
[INFO] 23-07-2026 16:05:25 [main] LogUtils - Clear text of element By.xpath: //input[@id='dateend']
[INFO] 23-07-2026 16:05:26 [main] LogUtils - Set text: 18-11-2045 on element By.xpath: //input[@id='dateend']
[INFO] 23-07-2026 16:05:26 [main] LogUtils - Clear text of element By.xpath: //textarea[@id='description']
[INFO] 23-07-2026 16:05:26 [main] LogUtils - Set text: Bin Description Updated on element By.xpath: //textarea[@id='description']
[INFO] 23-07-2026 16:05:26 [main] LogUtils - Click element By.xpath: //div[contains(@class,'btn')]//button[@type='submit']
[INFO] 23-07-2026 16:05:27 [main] LogUtils - Get text of element By.xpath: //span[@class='alert-title']: Contract updated successfully.
[INFO] 23-07-2026 16:05:27 [main] LogUtils - Assert equals: Contract updated successfully. ? Contract updated successfully.
[INFO] 23-07-2026 16:05:27 [main] LogUtils - Get text of element By.xpath: //div[contains(text(),'Bin Customer')]: Bin Customer
[INFO] 23-07-2026 16:05:27 [main] LogUtils - Assert equals: Bin Customer ? Bin Customer
[INFO] 23-07-2026 16:05:27 [main] LogUtils - Get attribute value of element By.xpath: //input[@id='subject']: Bin Subject Updated
[INFO] 23-07-2026 16:05:27 [main] LogUtils - Assert equals: Bin Subject Updated ? Bin Subject Updated
[INFO] 23-07-2026 16:05:27 [main] LogUtils - Get attribute value of element By.xpath: //input[@name='contract_value']: 2000.00
[INFO] 23-07-2026 16:05:27 [main] LogUtils - Assert equals: 2000.0 ? 2000.0
[INFO] 23-07-2026 16:05:27 [main] LogUtils - Get text of element By.xpath: //div[contains(text(),'1')]: 1
[INFO] 23-07-2026 16:05:27 [main] LogUtils - Assert equals: 1 ? 1
[INFO] 23-07-2026 16:05:27 [main] LogUtils - Get attribute value of element By.xpath: //input[@id='datestart']: 18-11-2045
[INFO] 23-07-2026 16:05:27 [main] LogUtils - Assert equals: 18-11-2045 ? 18-11-2045
[INFO] 23-07-2026 16:05:27 [main] LogUtils - Get attribute value of element By.xpath: //input[@id='dateend']: 18-11-2045
[INFO] 23-07-2026 16:05:27 [main] LogUtils - Assert equals: 18-11-2045 ? 18-11-2045
[INFO] 23-07-2026 16:05:27 [main] LogUtils - Get attribute value of element By.xpath: //textarea[@id='description']: Bin Description Updated
[INFO] 23-07-2026 16:05:27 [main] LogUtils - Assert equals: Bin Description Updated ? Bin Description Updated
[INFO] 23-07-2026 16:05:27 [main] LogUtils - ? Test case CONTRACT_002_UpdateContractSuccessfully is passed.
🗑 Deleted video: CONTRACT_002_UpdateContractSuccessfully-23-07-2026 16-05-20.avi
]]></system-out>
    <system-err><![CDATA[Jul 23, 2026 4:05:18 PM org.openqa.selenium.devtools.CdpVersionFinder findNearestMatch
WARNING: Unable to find CDP implementation matching 150
Jul 23, 2026 4:05:18 PM org.openqa.selenium.chromium.ChromiumDriver lambda$new$4
WARNING: Unable to find version of CDP to use for 150.0.7871.129. You may need to include a dependency on a specific version of the CDP using something similar to `org.seleniumhq.selenium:selenium-devtools-v86:4.34.0` where the version ("v86") matches the version of the chromium-based browser you're using and the version number of the artifact is the same as Selenium's.
[main] ERROR io.qameta.allure.AllureLifecycle - Could not add attachment: no test is running
]]></system-err>
  </testcase>
  <testcase name="CONTRACT_003_DeleteContractSuccessfully" classname="ui.testcases.ContractsTest" time="11.951">
    <system-out><![CDATA[[INFO] 23-07-2026 16:05:28 [main] LogUtils - ? Browser closed
[INFO] 23-07-2026 16:05:32 [main] LogUtils - ? Browser launched: chrome
[INFO] 23-07-2026 16:05:32 [main] LogUtils - ?? Start run test case: CONTRACT_003_DeleteContractSuccessfully
🎥 Start recording: CONTRACT_003_DeleteContractSuccessfully
[INFO] 23-07-2026 16:05:33 [main] LogUtils - Click element By.xpath: //span[normalize-space()='Contracts']
[INFO] 23-07-2026 16:05:33 [main] LogUtils - Clear text of element By.xpath: //input[@aria-controls='contracts']
[INFO] 23-07-2026 16:05:33 [main] LogUtils - Set text: Bin Subject Updated on element By.xpath: //input[@aria-controls='contracts']
[INFO] 23-07-2026 16:05:37 [main] LogUtils - Move to element By.xpath: //a[normalize-space()='Bin Subject Updated']
[INFO] 23-07-2026 16:05:37 [main] LogUtils - Click element By.xpath: //a[normalize-space()='Delete']
[INFO] 23-07-2026 16:05:37 [main] LogUtils - Alert accepted.
[INFO] 23-07-2026 16:05:38 [main] LogUtils - Clear text of element By.xpath: //input[@aria-controls='contracts']
[INFO] 23-07-2026 16:05:38 [main] LogUtils - Set text: Bin Subject Updated on element By.xpath: //input[@aria-controls='contracts']
[INFO] 23-07-2026 16:05:39 [main] LogUtils - Get text of element By.xpath: //td[@class='dataTables_empty']: No matching records found
[INFO] 23-07-2026 16:05:39 [main] LogUtils - Assert equals: No matching records found ? No matching records found
[INFO] 23-07-2026 16:05:39 [main] LogUtils - Click element By.xpath: //span[normalize-space()='Customers']
[INFO] 23-07-2026 16:05:40 [main] LogUtils - Clear text of element By.xpath: //input[@aria-controls='clients']
[INFO] 23-07-2026 16:05:40 [main] LogUtils - Set text: Bin Customer on element By.xpath: //input[@aria-controls='clients']
[INFO] 23-07-2026 16:05:43 [main] LogUtils - Move to element By.xpath: //a[normalize-space()='Bin Customer']
[INFO] 23-07-2026 16:05:43 [main] LogUtils - Click element By.xpath: //a[normalize-space()='Delete']
[INFO] 23-07-2026 16:05:43 [main] LogUtils - Alert accepted.
[INFO] 23-07-2026 16:05:43 [main] LogUtils - ? Test case CONTRACT_003_DeleteContractSuccessfully is passed.
🗑 Deleted video: CONTRACT_003_DeleteContractSuccessfully-23-07-2026 16-05-32.avi
]]></system-out>
    <system-err><![CDATA[Jul 23, 2026 4:05:30 PM org.openqa.selenium.devtools.CdpVersionFinder findNearestMatch
WARNING: Unable to find CDP implementation matching 150
Jul 23, 2026 4:05:30 PM org.openqa.selenium.chromium.ChromiumDriver lambda$new$4
WARNING: Unable to find version of CDP to use for 150.0.7871.129. You may need to include a dependency on a specific version of the CDP using something similar to `org.seleniumhq.selenium:selenium-devtools-v86:4.34.0` where the version ("v86") matches the version of the chromium-based browser you're using and the version number of the artifact is the same as Selenium's.
[main] ERROR io.qameta.allure.AllureLifecycle - Could not add attachment: no test is running
]]></system-err>
  </testcase>
  <testcase name="EXPENSE_001_CreateExpenseSuccessfully" classname="ui.testcases.ExpensesTest" time="16.079">
    <system-out><![CDATA[[INFO] 23-07-2026 16:05:44 [main] LogUtils - ? Browser closed
[INFO] 23-07-2026 16:05:48 [main] LogUtils - ? Browser launched: chrome
[INFO] 23-07-2026 16:05:48 [main] LogUtils - ?? Start run test case: EXPENSE_001_CreateExpenseSuccessfully
🎥 Start recording: EXPENSE_001_CreateExpenseSuccessfully
[INFO] 23-07-2026 16:05:49 [main] LogUtils - Click element By.xpath: //span[@class='menu-text'][normalize-space()='Expenses']
[INFO] 23-07-2026 16:05:49 [main] LogUtils - Click element By.xpath: //a[normalize-space()='Record Expense']
[INFO] 23-07-2026 16:05:49 [main] LogUtils - Click upload button
[INFO] 23-07-2026 16:05:49 [main] LogUtils - Click element By.xpath: //span[normalize-space()='Attach Receipt']
[INFO] 23-07-2026 16:05:52 [main] LogUtils - Copy path: C:\Users\BinDangVan\SeleniumAndRestAssured\src\test\resources\filetest\UK.jpg
[INFO] 23-07-2026 16:05:52 [main] LogUtils - Paste path
[INFO] 23-07-2026 16:05:54 [main] LogUtils - Press ENTER
[INFO] 23-07-2026 16:05:57 [main] LogUtils - Upload finished
[INFO] 23-07-2026 16:05:57 [main] LogUtils - Clear text of element By.xpath: //input[@id='expense_name']
[INFO] 23-07-2026 16:05:58 [main] LogUtils - Set text: Bin Name on element By.xpath: //input[@id='expense_name']
[INFO] 23-07-2026 16:05:58 [main] LogUtils - Clear text of element By.xpath: //textarea[@id='note']
[INFO] 23-07-2026 16:05:58 [main] LogUtils - Set text: Bin Note on element By.xpath: //textarea[@id='note']
[INFO] 23-07-2026 16:05:58 [main] LogUtils - Click element By.xpath: //div[contains(text(),'Nothing selected')]
[INFO] 23-07-2026 16:05:58 [main] LogUtils - Clear text of element By.xpath: //input[@aria-controls='bs-select-2']
[INFO] 23-07-2026 16:05:58 [main] LogUtils - Set text: Bin Category on element By.xpath: //input[@aria-controls='bs-select-2']
[INFO] 23-07-2026 16:05:58 [main] LogUtils - Click element By.xpath: //span[normalize-space()='Bin Category']
[INFO] 23-07-2026 16:05:58 [main] LogUtils - Clear text of element By.xpath: //input[@id='date']
[INFO] 23-07-2026 16:05:58 [main] LogUtils - Set text: 18-11-2040 on element By.xpath: //input[@id='date']
[INFO] 23-07-2026 16:05:58 [main] LogUtils - Clear text of element By.xpath: //input[@id='amount']
[INFO] 23-07-2026 16:05:58 [main] LogUtils - Set text: 1000 on element By.xpath: //input[@id='amount']
[INFO] 23-07-2026 16:05:58 [main] LogUtils - Click element By.xpath: //button[@data-id='paymentmode']
[INFO] 23-07-2026 16:05:59 [main] LogUtils - Clear text of element By.xpath: //input[@aria-controls='bs-select-6']
[INFO] 23-07-2026 16:05:59 [main] LogUtils - Set text: Bank on element By.xpath: //input[@aria-controls='bs-select-6']
[INFO] 23-07-2026 16:05:59 [main] LogUtils - Click element By.xpath: //a[normalize-space()='Bank']
[INFO] 23-07-2026 16:05:59 [main] LogUtils - Clear text of element By.xpath: //input[@id='reference_no']
[INFO] 23-07-2026 16:05:59 [main] LogUtils - Set text: #1000 on element By.xpath: //input[@id='reference_no']
[INFO] 23-07-2026 16:05:59 [main] LogUtils - Click element By.xpath: //button[@data-id='repeat_every']
[INFO] 23-07-2026 16:05:59 [main] LogUtils - Click element By.xpath: //span[normalize-space()='Week']
[INFO] 23-07-2026 16:05:59 [main] LogUtils - Click element By.xpath: //label[normalize-space()='Infinity']
[INFO] 23-07-2026 16:06:00 [main] LogUtils - Clear text of element By.xpath: //input[@id='cycles']
[INFO] 23-07-2026 16:06:00 [main] LogUtils - Set text: 10 on element By.xpath: //input[@id='cycles']
[INFO] 23-07-2026 16:06:00 [main] LogUtils - Click element By.xpath: //div[@class='btn-bottom-toolbar text-right']//button[@type='submit'][normalize-space()='Save']
[INFO] 23-07-2026 16:06:01 [main] LogUtils - Get text of element By.xpath: //h4[@id='expenseName']: Bin Name
[INFO] 23-07-2026 16:06:01 [main] LogUtils - Assert equals: Bin Name ? Bin Name
[INFO] 23-07-2026 16:06:02 [main] LogUtils - Get text of element By.xpath: //div[normalize-space()='Bin Note']: Bin Note
[INFO] 23-07-2026 16:06:02 [main] LogUtils - Assert equals: Bin Note ? Bin Note
[INFO] 23-07-2026 16:06:02 [main] LogUtils - Get text of element By.xpath: //h3[@id='expenseCategory']: Bin Category
[INFO] 23-07-2026 16:06:02 [main] LogUtils - Assert equals: Bin Category ? Bin Category
[INFO] 23-07-2026 16:06:02 [main] LogUtils - Get text of element By.xpath: //span[normalize-space()='18-11-2040']: 18-11-2040
[INFO] 23-07-2026 16:06:02 [main] LogUtils - Assert equals: 18-11-2040 ? 18-11-2040
[INFO] 23-07-2026 16:06:03 [main] LogUtils - Get text of element By.xpath: //span[contains(normalize-space(),'$1,000.00')]: $1,000.00
[INFO] 23-07-2026 16:06:03 [main] LogUtils - Assert equals: $1,000.00 ? $1,000.00
[INFO] 23-07-2026 16:06:03 [main] LogUtils - Get text of element By.xpath: //span[contains(normalize-space(),'Paid Via Bank')]: Paid Via Bank
[INFO] 23-07-2026 16:06:03 [main] LogUtils - Assert equals: Paid Via Bank ? Paid Via Bank
[INFO] 23-07-2026 16:06:03 [main] LogUtils - Get text of element By.xpath: //span[normalize-space()='#1000']: #1000
[INFO] 23-07-2026 16:06:03 [main] LogUtils - Assert equals: #1000 ? #1000
[INFO] 23-07-2026 16:06:03 [main] LogUtils - Get text of element By.xpath: //b[normalize-space()='25-11-2040']: 25-11-2040
[INFO] 23-07-2026 16:06:03 [main] LogUtils - Assert equals: 25-11-2040 ? 25-11-2040
[INFO] 23-07-2026 16:06:03 [main] LogUtils - Get text of element By.xpath: //b[normalize-space()='10']: 10
[INFO] 23-07-2026 16:06:03 [main] LogUtils - Assert equals: 10 ? 10
[INFO] 23-07-2026 16:06:03 [main] LogUtils - Get text of element By.xpath: //a[normalize-space()='UK.jpg']: UK.jpg
[INFO] 23-07-2026 16:06:03 [main] LogUtils - Assert equals: UK.jpg ? UK.jpg
[INFO] 23-07-2026 16:06:03 [main] LogUtils - ? Test case EXPENSE_001_CreateExpenseSuccessfully is passed.
🗑 Deleted video: EXPENSE_001_CreateExpenseSuccessfully-23-07-2026 16-05-48.avi
]]></system-out>
    <system-err><![CDATA[Jul 23, 2026 4:05:47 PM org.openqa.selenium.devtools.CdpVersionFinder findNearestMatch
WARNING: Unable to find CDP implementation matching 150
Jul 23, 2026 4:05:47 PM org.openqa.selenium.chromium.ChromiumDriver lambda$new$4
WARNING: Unable to find version of CDP to use for 150.0.7871.129. You may need to include a dependency on a specific version of the CDP using something similar to `org.seleniumhq.selenium:selenium-devtools-v86:4.34.0` where the version ("v86") matches the version of the chromium-based browser you're using and the version number of the artifact is the same as Selenium's.
[main] ERROR io.qameta.allure.AllureLifecycle - Could not add attachment: no test is running
]]></system-err>
  </testcase>
  <testcase name="EXPENSE_002_UpdateExpenseSuccessfully" classname="ui.testcases.ExpensesTest" time="6.828">
    <system-out><![CDATA[[INFO] 23-07-2026 16:06:05 [main] LogUtils - ? Browser closed
[INFO] 23-07-2026 16:06:09 [main] LogUtils - ? Browser launched: chrome
[INFO] 23-07-2026 16:06:09 [main] LogUtils - ?? Start run test case: EXPENSE_002_UpdateExpenseSuccessfully
🎥 Start recording: EXPENSE_002_UpdateExpenseSuccessfully
[INFO] 23-07-2026 16:06:09 [main] LogUtils - Click element By.xpath: //span[@class='menu-text'][normalize-space()='Expenses']
[INFO] 23-07-2026 16:06:10 [main] LogUtils - Clear text of element By.xpath: //input[@aria-controls='expenses']
[INFO] 23-07-2026 16:06:10 [main] LogUtils - Set text: Bin Category on element By.xpath: //input[@aria-controls='expenses']
[INFO] 23-07-2026 16:06:13 [main] LogUtils - Move to element By.xpath: //a[normalize-space()='Bin Category']
[INFO] 23-07-2026 16:06:13 [main] LogUtils - Click element By.xpath: //div[@class='row-options']//a[contains(text(),'Edit')]
[INFO] 23-07-2026 16:06:13 [main] LogUtils - Clear text of element By.xpath: //input[@id='expense_name']
[INFO] 23-07-2026 16:06:14 [main] LogUtils - Set text: Bin Name Updated on element By.xpath: //input[@id='expense_name']
[INFO] 23-07-2026 16:06:14 [main] LogUtils - Clear text of element By.xpath: //textarea[@id='note']
[INFO] 23-07-2026 16:06:14 [main] LogUtils - Set text: Bin Note Updated on element By.xpath: //textarea[@id='note']
[INFO] 23-07-2026 16:06:14 [main] LogUtils - Clear text of element By.xpath: //input[@id='amount']
[INFO] 23-07-2026 16:06:14 [main] LogUtils - Set text: 2000 on element By.xpath: //input[@id='amount']
[INFO] 23-07-2026 16:06:14 [main] LogUtils - Click element By.xpath: //div[@class='btn-bottom-toolbar text-right']//button[@type='submit'][normalize-space()='Save']
[INFO] 23-07-2026 16:06:14 [main] LogUtils - Get text of element By.xpath: //span[@class='alert-title']: Expense updated successfully.
[INFO] 23-07-2026 16:06:14 [main] LogUtils - Assert equals: Expense updated successfully. ? Expense updated successfully.
[INFO] 23-07-2026 16:06:14 [main] LogUtils - Get text of element By.xpath: //h4[@id='expenseName']: Bin Name Updated
[INFO] 23-07-2026 16:06:14 [main] LogUtils - Assert equals: Bin Name Updated ? Bin Name Updated
[INFO] 23-07-2026 16:06:15 [main] LogUtils - Get text of element By.xpath: //span[contains(normalize-space(),'$2,000.00')]: $2,000.00
[INFO] 23-07-2026 16:06:15 [main] LogUtils - Assert equals: $2,000.00 ? $2,000.00
[INFO] 23-07-2026 16:06:15 [main] LogUtils - ? Test case EXPENSE_002_UpdateExpenseSuccessfully is passed.
🗑 Deleted video: EXPENSE_002_UpdateExpenseSuccessfully-23-07-2026 16-06-09.avi
]]></system-out>
    <system-err><![CDATA[Jul 23, 2026 4:06:07 PM org.openqa.selenium.devtools.CdpVersionFinder findNearestMatch
WARNING: Unable to find CDP implementation matching 150
Jul 23, 2026 4:06:07 PM org.openqa.selenium.chromium.ChromiumDriver lambda$new$4
WARNING: Unable to find version of CDP to use for 150.0.7871.129. You may need to include a dependency on a specific version of the CDP using something similar to `org.seleniumhq.selenium:selenium-devtools-v86:4.34.0` where the version ("v86") matches the version of the chromium-based browser you're using and the version number of the artifact is the same as Selenium's.
[main] ERROR io.qameta.allure.AllureLifecycle - Could not add attachment: no test is running
]]></system-err>
  </testcase>
  <testcase name="EXPENSE_003_DeleteExpenseSuccessfully" classname="ui.testcases.ExpensesTest" time="6.83">
[...]
[INFO] 23-07-2026 16:12:40 [main] LogUtils - Element By.xpath: //p[@id='company-error'] is displayed: true
[INFO] 23-07-2026 16:12:40 [main] LogUtils - Get text of element By.xpath: //p[@id='company-error']: This field is required.
[INFO] 23-07-2026 16:12:40 [main] LogUtils - ? Test case manageCustomer is passed.
🗑 Deleted video: manageCustomer-23-07-2026 16-12-38.avi
]]></system-out>
    <system-err><![CDATA[Jul 23, 2026 4:12:36 PM org.openqa.selenium.devtools.CdpVersionFinder findNearestMatch
WARNING: Unable to find CDP implementation matching 150
Jul 23, 2026 4:12:36 PM org.openqa.selenium.chromium.ChromiumDriver lambda$new$4
WARNING: Unable to find version of CDP to use for 150.0.7871.129. You may need to include a dependency on a specific version of the CDP using something similar to `org.seleniumhq.selenium:selenium-devtools-v86:4.34.0` where the version ("v86") matches the version of the chromium-based browser you're using and the version number of the artifact is the same as Selenium's.
[main] ERROR io.qameta.allure.AllureLifecycle - Could not add attachment: no test is running
]]></system-err>
  </testcase>
  <testcase name="ITEM_001_ImportItemSuccessfully" classname="ui.testcases.ItemsTest" time="6.313">
    <system-out><![CDATA[[INFO] 23-07-2026 16:12:41 [main] LogUtils - ? Browser closed
[INFO] 23-07-2026 16:12:45 [main] LogUtils - ? Browser launched: chrome
[INFO] 23-07-2026 16:12:45 [main] LogUtils - ?? Start run test case: ITEM_001_ImportItemSuccessfully
🎥 Start recording: ITEM_001_ImportItemSuccessfully
[INFO] 23-07-2026 16:12:45 [main] LogUtils - Click element By.xpath: //span[@class='menu-text'][normalize-space()='Sales']
[INFO] 23-07-2026 16:12:46 [main] LogUtils - Click element By.xpath: //span[normalize-space()='Items']
[INFO] 23-07-2026 16:12:46 [main] LogUtils - Click element By.xpath: //a[normalize-space()='Import Items']
[INFO] 23-07-2026 16:12:47 [main] LogUtils - Click element By.xpath: //button[normalize-space()='Import']
[INFO] 23-07-2026 16:12:47 [main] LogUtils - Click element By.xpath: //span[@class='menu-text'][normalize-space()='Sales']
[INFO] 23-07-2026 16:12:48 [main] LogUtils - Click element By.xpath: //span[normalize-space()='Items']
[INFO] 23-07-2026 16:12:49 [main] LogUtils - Clear text of element By.xpath: //input[@aria-controls='DataTables_Table_1']
[INFO] 23-07-2026 16:12:49 [main] LogUtils - Set text: Bin Long description on element By.xpath: //input[@aria-controls='DataTables_Table_1']
[INFO] 23-07-2026 16:12:50 [main] LogUtils - Get text of element By.xpath: //a[normalize-space()='Bin Description']: Bin Description
[INFO] 23-07-2026 16:12:50 [main] LogUtils - Assert equals: Bin Description ? Bin Description
[INFO] 23-07-2026 16:12:50 [main] LogUtils - Get text of element By.xpath: //td[normalize-space()='Bin Long description']: Bin Long description
[INFO] 23-07-2026 16:12:50 [main] LogUtils - Assert equals: Bin Long description ? Bin Long description
[INFO] 23-07-2026 16:12:50 [main] LogUtils - Get text of element By.xpath: //td[normalize-space()='$25.00']: $25.00
[INFO] 23-07-2026 16:12:50 [main] LogUtils - Assert equals: $25.00 ? $25.00
[INFO] 23-07-2026 16:12:50 [main] LogUtils - Get text of element By.xpath: //td[5]//span[normalize-space()='0.00%']: 0.00%
[INFO] 23-07-2026 16:12:50 [main] LogUtils - Assert equals: 0.00% ? 0.00%
[INFO] 23-07-2026 16:12:50 [main] LogUtils - Get text of element By.xpath: //td[6]//span[normalize-space()='0.00%']: 0.00%
[INFO] 23-07-2026 16:12:50 [main] LogUtils - Assert equals: 0.00% ? 0.00%
[INFO] 23-07-2026 16:12:50 [main] LogUtils - Get text of element By.xpath: //td[normalize-space()='Bin Unit']: Bin Unit
[INFO] 23-07-2026 16:12:50 [main] LogUtils - Assert equals: Bin Unit ? Bin Unit
[INFO] 23-07-2026 16:12:50 [main] LogUtils - ? Test case ITEM_001_ImportItemSuccessfully is passed.
🗑 Deleted video: ITEM_001_ImportItemSuccessfully-23-07-2026 16-12-45.avi
]]></system-out>
    <system-err><![CDATA[Jul 23, 2026 4:12:43 PM org.openqa.selenium.devtools.CdpVersionFinder findNearestMatch
WARNING: Unable to find CDP implementation matching 150
Jul 23, 2026 4:12:43 PM org.openqa.selenium.chromium.ChromiumDriver lambda$new$4
WARNING: Unable to find version of CDP to use for 150.0.7871.129. You may need to include a dependency on a specific version of the CDP using something similar to `org.seleniumhq.selenium:selenium-devtools-v86:4.34.0` where the version ("v86") matches the version of the chromium-based browser you're using and the version number of the artifact is the same as Selenium's.
[main] ERROR io.qameta.allure.AllureLifecycle - Could not add attachment: no test is running
]]></system-err>
  </testcase>
  <testcase name="ITEM_002_DeleteItemSuccessfully" classname="ui.testcases.ItemsTest" time="8.231">
    <system-out><![CDATA[[INFO] 23-07-2026 16:12:53 [main] LogUtils - ? Browser closed
[INFO] 23-07-2026 16:12:57 [main] LogUtils - ? Browser launched: chrome
[INFO] 23-07-2026 16:12:57 [main] LogUtils - ?? Start run test case: ITEM_002_DeleteItemSuccessfully
🎥 Start recording: ITEM_002_DeleteItemSuccessfully
[INFO] 23-07-2026 16:12:57 [main] LogUtils - Click element By.xpath: //span[@class='menu-text'][normalize-space()='Sales']
[INFO] 23-07-2026 16:12:58 [main] LogUtils - Click element By.xpath: //span[normalize-space()='Items']
[INFO] 23-07-2026 16:12:59 [main] LogUtils - Clear text of element By.xpath: //input[@aria-controls='DataTables_Table_1']
[INFO] 23-07-2026 16:12:59 [main] LogUtils - Set text: Bin Long description on element By.xpath: //input[@aria-controls='DataTables_Table_1']
[INFO] 23-07-2026 16:13:02 [main] LogUtils - Move to element By.xpath: //a[normalize-space()='Bin Description']
[INFO] 23-07-2026 16:13:02 [main] LogUtils - Click element By.xpath: //a[normalize-space()='Delete']
[INFO] 23-07-2026 16:13:02 [main] LogUtils - Alert accepted.
[INFO] 23-07-2026 16:13:03 [main] LogUtils - Clear text of element By.xpath: //input[@aria-controls='DataTables_Table_1']
[INFO] 23-07-2026 16:13:03 [main] LogUtils - Set text: Bin Long description on element By.xpath: //input[@aria-controls='DataTables_Table_1']
[INFO] 23-07-2026 16:13:04 [main] LogUtils - Get text of element By.xpath: //td[@class='dataTables_empty']: No matching records found
[INFO] 23-07-2026 16:13:04 [main] LogUtils - Assert equals: No matching records found ? No matching records found
[INFO] 23-07-2026 16:13:04 [main] LogUtils - ? Test case ITEM_002_DeleteItemSuccessfully is passed.
🗑 Deleted video: ITEM_002_DeleteItemSuccessfully-23-07-2026 16-12-57.avi
]]></system-out>
    <system-err><![CDATA[Jul 23, 2026 4:12:54 PM org.openqa.selenium.devtools.CdpVersionFinder findNearestMatch
WARNING: Unable to find CDP implementation matching 150
Jul 23, 2026 4:12:54 PM org.openqa.selenium.chromium.ChromiumDriver lambda$new$4
WARNING: Unable to find version of CDP to use for 150.0.7871.129. You may need to include a dependency on a specific version of the CDP using something similar to `org.seleniumhq.selenium:selenium-devtools-v86:4.34.0` where the version ("v86") matches the version of the chromium-based browser you're using and the version number of the artifact is the same as Selenium's.
[main] ERROR io.qameta.allure.AllureLifecycle - Could not add attachment: no test is running
]]></system-err>
  </testcase>
  <testcase name="LEAD_001_CreateMultipleLeadsSuccessfully" classname="ui.testcases.LeadsTest" time="10.273">
    <system-out><![CDATA[[INFO] 23-07-2026 16:13:05 [main] LogUtils - ? Browser closed
[INFO] 23-07-2026 16:13:09 [main] LogUtils - ? Browser launched: chrome
[INFO] 23-07-2026 16:13:09 [main] LogUtils - ?? Start run test case: LEAD_001_CreateMultipleLeadsSuccessfully
🎥 Start recording: LEAD_001_CreateMultipleLeadsSuccessfully
[INFO] 23-07-2026 16:13:09 [main] LogUtils - Click element By.xpath: //span[normalize-space()='Leads']
[INFO] 23-07-2026 16:13:09 [main] LogUtils - Creating Lead: Bin Lead 1
[INFO] 23-07-2026 16:13:09 [main] LogUtils - Click element By.xpath: //a[normalize-space()='New Lead']
[INFO] 23-07-2026 16:13:10 [main] LogUtils - Click element By.xpath: //button[@data-id='status']
[INFO] 23-07-2026 16:13:10 [main] LogUtils - Clear text of element By.xpath: //input[@aria-controls='bs-select-5']
[INFO] 23-07-2026 16:13:10 [main] LogUtils - Set text: Active on element By.xpath: //input[@aria-controls='bs-select-5']
[INFO] 23-07-2026 16:13:10 [main] LogUtils - Click element By.xpath: //span[@class='text'][normalize-space()='Active']
[INFO] 23-07-2026 16:13:11 [main] LogUtils - Click element By.xpath: //button[@data-id='source']
[INFO] 23-07-2026 16:13:11 [main] LogUtils - Clear text of element By.xpath: //input[@aria-controls='bs-select-6']
[INFO] 23-07-2026 16:13:11 [main] LogUtils - Set text: Facebook on element By.xpath: //input[@aria-controls='bs-select-6']
[INFO] 23-07-2026 16:13:11 [main] LogUtils - Click element By.xpath: //span[normalize-space()='Facebook']
[INFO] 23-07-2026 16:13:11 [main] LogUtils - Click element By.xpath: //div[@id='inputTagsWrapper']//input[@placeholder='Tag']
[INFO] 23-07-2026 16:13:11 [main] LogUtils - Clear text of element By.xpath: //div[@id='inputTagsWrapper']//input[@placeholder='Tag']
[INFO] 23-07-2026 16:13:11 [main] LogUtils - Set text: Selenium on element By.xpath: //div[@id='inputTagsWrapper']//input[@placeholder='Tag']
[INFO] 23-07-2026 16:13:11 [main] LogUtils - Click element By.xpath: //li[contains(@class,'menu')]//div[normalize-space()='Selenium']
[INFO] 23-07-2026 16:13:11 [main] LogUtils - Clear text of element By.xpath: //div[@class='col-md-6']//input[@id='name']
[INFO] 23-07-2026 16:13:11 [main] LogUtils - Set text: Bin Lead 1 on element By.xpath: //div[@class='col-md-6']//input[@id='name']
[INFO] 23-07-2026 16:13:12 [main] LogUtils - Click element By.xpath: //label[normalize-space()='Contacted Today']
[INFO] 23-07-2026 16:13:12 [main] LogUtils - Clear text of element By.xpath: //input[@id='custom_contact_date']
[INFO] 23-07-2026 16:13:12 [main] LogUtils - Set text: 19-11-2040 11:17 on element By.xpath: //input[@id='custom_contact_date']
[INFO] 23-07-2026 16:13:12 [main] LogUtils - Click element By.xpath: //button[@id='lead-form-submit']
✅ Page is refreshed and element is reloaded successfully.
[INFO] 23-07-2026 16:13:12 [main] LogUtils - Creating Lead: Bin Lead 2
[INFO] 23-07-2026 16:13:12 [main] LogUtils - Click element By.xpath: //a[normalize-space()='New Lead']
[INFO] 23-07-2026 16:13:13 [main] LogUtils - Click element By.xpath: //button[@data-id='status']
[INFO] 23-07-2026 16:13:13 [main] LogUtils - Clear text of element By.xpath: //input[@aria-controls='bs-select-5']
[INFO] 23-07-2026 16:13:13 [main] LogUtils - Set text: Active on element By.xpath: //input[@aria-controls='bs-select-5']
[INFO] 23-07-2026 16:13:13 [main] LogUtils - Click element By.xpath: //span[@class='text'][normalize-space()='Active']
[INFO] 23-07-2026 16:13:13 [main] LogUtils - Click element By.xpath: //button[@data-id='source']
[INFO] 23-07-2026 16:13:13 [main] LogUtils - Clear text of element By.xpath: //input[@aria-controls='bs-select-6']
[INFO] 23-07-2026 16:13:13 [main] LogUtils - Set text: Facebook on element By.xpath: //input[@aria-controls='bs-select-6']
[INFO] 23-07-2026 16:13:13 [main] LogUtils - Click element By.xpath: //span[normalize-space()='Facebook']
[INFO] 23-07-2026 16:13:14 [main] LogUtils - Click element By.xpath: //div[@id='inputTagsWrapper']//input[@placeholder='Tag']
[INFO] 23-07-2026 16:13:14 [main] LogUtils - Clear text of element By.xpath: //div[@id='inputTagsWrapper']//input[@placeholder='Tag']
[INFO] 23-07-2026 16:13:14 [main] LogUtils - Set text: Selenium on element By.xpath: //div[@id='inputTagsWrapper']//input[@placeholder='Tag']
[INFO] 23-07-2026 16:13:14 [main] LogUtils - Click element By.xpath: //li[contains(@class,'menu')]//div[normalize-space()='Selenium']
[INFO] 23-07-2026 16:13:14 [main] LogUtils - Clear text of element By.xpath: //div[@class='col-md-6']//input[@id='name']
[INFO] 23-07-2026 16:13:14 [main] LogUtils - Set text: Bin Lead 2 on element By.xpath: //div[@class='col-md-6']//input[@id='name']
[INFO] 23-07-2026 16:13:14 [main] LogUtils - Click element By.xpath: //label[normalize-space()='Contacted Today']
[INFO] 23-07-2026 16:13:14 [main] LogUtils - Clear text of element By.xpath: //input[@id='custom_contact_date']
[INFO] 23-07-2026 16:13:14 [main] LogUtils - Set text: 19-11-2040 11:17 on element By.xpath: //input[@id='custom_contact_date']
[INFO] 23-07-2026 16:13:14 [main] LogUtils - Click element By.xpath: //button[@id='lead-form-submit']
✅ Page is refreshed and element is reloaded successfully.
[INFO] 23-07-2026 16:13:15 [main] LogUtils - Creating Lead: Bin Lead 3
[INFO] 23-07-2026 16:13:15 [main] LogUtils - Click element By.xpath: //a[normalize-space()='New Lead']
[INFO] 23-07-2026 16:13:15 [main] LogUtils - Click element By.xpath: //button[@data-id='status']
[INFO] 23-07-2026 16:13:15 [main] LogUtils - Clear text of element By.xpath: //input[@aria-controls='bs-select-5']
[INFO] 23-07-2026 16:13:15 [main] LogUtils - Set text: Active on element By.xpath: //input[@aria-controls='bs-select-5']
[INFO] 23-07-2026 16:13:16 [main] LogUtils - Click element By.xpath: //span[@class='text'][normalize-space()='Active']
[INFO] 23-07-2026 16:13:16 [main] LogUtils - Click element By.xpath: //button[@data-id='source']
[INFO] 23-07-2026 16:13:16 [main] LogUtils - Clear text of element By.xpath: //input[@aria-controls='bs-select-6']
[INFO] 23-07-2026 16:13:16 [main] LogUtils - Set text: Facebook on element By.xpath: //input[@aria-controls='bs-select-6']
[INFO] 23-07-2026 16:13:16 [main] LogUtils - Click element By.xpath: //span[normalize-space()='Facebook']
[INFO] 23-07-2026 16:13:16 [main] LogUtils - Click element By.xpath: //div[@id='inputTagsWrapper']//input[@placeholder='Tag']
[INFO] 23-07-2026 16:13:16 [main] LogUtils - Clear text of element By.xpath: //div[@id='inputTagsWrapper']//input[@placeholder='Tag']
[INFO] 23-07-2026 16:13:16 [main] LogUtils - Set text: Selenium on element By.xpath: //div[@id='inputTagsWrapper']//input[@placeholder='Tag']
[INFO] 23-07-2026 16:13:16 [main] LogUtils - Click element By.xpath: //li[contains(@class,'menu')]//div[normalize-space()='Selenium']
[INFO] 23-07-2026 16:13:16 [main] LogUtils - Clear text of element By.xpath: //div[@class='col-md-6']//input[@id='name']
[INFO] 23-07-2026 16:13:16 [main] LogUtils - Set text: Bin Lead 3 on element By.xpath: //div[@class='col-md-6']//input[@id='name']
[INFO] 23-07-2026 16:13:16 [main] LogUtils - Click element By.xpath: //label[normalize-space()='Contacted Today']
[INFO] 23-07-2026 16:13:16 [main] LogUtils - Clear text of element By.xpath: //input[@id='custom_contact_date']
[INFO] 23-07-2026 16:13:17 [main] LogUtils - Set text: 19-11-2040 11:17 on element By.xpath: //input[@id='custom_contact_date']
[INFO] 23-07-2026 16:13:17 [main] LogUtils - Click element By.xpath: //button[@id='lead-form-submit']
✅ Page is refreshed and element is reloaded successfully.
[INFO] 23-07-2026 16:13:18 [main] LogUtils - Clear text of element By.xpath: //input[@aria-controls='leads']
[INFO] 23-07-2026 16:13:18 [main] LogUtils - Set text: Bin Lead on element By.xpath: //input[@aria-controls='leads']
[INFO] 23-07-2026 16:13:18 [main] LogUtils - Number of lines found: 3
[INFO] 23-07-2026 16:13:18 [main] LogUtils - Get text of element By.xpath: //table//tbody/tr[1]/td[3]: Bin Lead 3
[INFO] 23-07-2026 16:13:18 [main] LogUtils - Result: Bin Lead 3
[INFO] 23-07-2026 16:13:18 [main] LogUtils - Result: Bin Lead 3
[INFO] 23-07-2026 16:13:18 [main] LogUtils - Result: Bin Lead
[INFO] 23-07-2026 16:13:18 [main] LogUtils - Get text of element By.xpath: //table//tbody/tr[2]/td[3]: Bin Lead 2
[INFO] 23-07-2026 16:13:18 [main] LogUtils - Result: Bin Lead 2
[INFO] 23-07-2026 16:13:18 [main] LogUtils - Result: Bin Lead 2
[INFO] 23-07-2026 16:13:18 [main] LogUtils - Result: Bin Lead
[INFO] 23-07-2026 16:13:18 [main] LogUtils - Get text of element By.xpath: //table//tbody/tr[3]/td[3]: Bin Lead 1
[INFO] 23-07-2026 16:13:18 [main] LogUtils - Result: Bin Lead 1
[INFO] 23-07-2026 16:13:18 [main] LogUtils - Result: Bin Lead 1
[INFO] 23-07-2026 16:13:18 [main] LogUtils - Result: Bin Lead
[INFO] 23-07-2026 16:13:18 [main] LogUtils - ? Test case LEAD_001_CreateMultipleLeadsSuccessfully is passed.
🗑 Deleted video: LEAD_001_CreateMultipleLeadsSuccessfully-23-07-2026 16-13-09.avi
]]></system-out>
    <system-err><![CDATA[Jul 23, 2026 4:13:07 PM org.openqa.selenium.devtools.CdpVersionFinder findNearestMatch
WARNING: Unable to find CDP implementation matching 150
Jul 23, 2026 4:13:07 PM org.openqa.selenium.chromium.ChromiumDriver lambda$new$4
WARNING: Unable to find version of CDP to use for 150.0.7871.129. You may need to include a dependency on a specific version of the CDP using something similar to `org.seleniumhq.selenium:selenium-devtools-v86:4.34.0` where the version ("v86") matches the version of the chromium-based browser you're using and the version number of the artifact is the same as Selenium's.
[main] ERROR io.qameta.allure.AllureLifecycle - Could not add attachment: no test is running
]]></system-err>
  </testcase>
  <testcase name="LEAD_002_DeleteMultipleLeadsSuccessfully" classname="ui.testcases.LeadsTest" time="4.286">
    <system-out><![CDATA[[INFO] 23-07-2026 16:13:19 [main] LogUtils - ? Browser closed
[INFO] 23-07-2026 16:13:24 [main] LogUtils - ? Browser launched: chrome
[INFO] 23-07-2026 16:13:24 [main] LogUtils - ?? Start run test case: LEAD_002_DeleteMultipleLeadsSuccessfully
🎥 Start recording: LEAD_002_DeleteMultipleLeadsSuccessfully
[INFO] 23-07-2026 16:13:24 [main] LogUtils - Click element By.xpath: //span[normalize-space()='Leads']
[INFO] 23-07-2026 16:13:25 [main] LogUtils - Click element By.xpath: //div[@class='checkbox mass_select_all_wrap']
[INFO] 23-07-2026 16:13:25 [main] LogUtils - ? All the checkbox ticked.
[INFO] 23-07-2026 16:13:25 [main] LogUtils - ? All checkbox ticked after retry number: 0
[INFO] 23-07-2026 16:13:25 [main] LogUtils - Click element By.xpath: //span[normalize-space()='Bulk Actions']
[INFO] 23-07-2026 16:13:25 [main] LogUtils - Click element By.xpath: //label[normalize-space()='Mass Delete']
[INFO] 23-07-2026 16:13:26 [main] LogUtils - Click element By.xpath: //a[normalize-space()='Confirm']
[INFO] 23-07-2026 16:13:26 [main] LogUtils - Alert accepted.
[INFO] 23-07-2026 16:13:27 [main] LogUtils - Get text of element By.xpath: //span[@class='alert-title']: Total leads deleted: 3
[INFO] 23-07-2026 16:13:27 [main] LogUtils - Assert equals: Total leads deleted: 3 ? Total leads deleted: 3
[INFO] 23-07-2026 16:13:27 [main] LogUtils - Clear text of element By.xpath: //input[@aria-controls='leads']
[INFO] 23-07-2026 16:13:27 [main] LogUtils - Set text: Bin Lead on element By.xpath: //input[@aria-controls='leads']
[INFO] 23-07-2026 16:13:27 [main] LogUtils - Get text of element By.xpath: //td[@class='dataTables_empty']: No entries found
[INFO] 23-07-2026 16:13:27 [main] LogUtils - Assert equals: No entries found ? No entries found
[INFO] 23-07-2026 16:13:27 [main] LogUtils - ? Test case LEAD_002_DeleteMultipleLeadsSuccessfully is passed.
🗑 Deleted video: LEAD_002_DeleteMultipleLeadsSuccessfully-23-07-2026 16-13-24.avi
]]></system-out>
    <system-err><![CDATA[Jul 23, 2026 4:13:21 PM org.openqa.selenium.devtools.CdpVersionFinder findNearestMatch
WARNING: Unable to find CDP implementation matching 150
Jul 23, 2026 4:13:21 PM org.openqa.selenium.chromium.ChromiumDriver lambda$new$4
WARNING: Unable to find version of CDP to use for 150.0.7871.129. You may need to include a dependency on a specific version of the CDP using something similar to `org.seleniumhq.selenium:selenium-devtools-v86:4.34.0` where the version ("v86") matches the version of the chromium-based browser you're using and the version number of the artifact is the same as Selenium's.
[main] ERROR io.qameta.allure.AllureLifecycle - Could not add attachment: no test is running
]]></system-err>
  </testcase>
</testsuite>