<?xml version="1.0" encoding="UTF-8"?>
<!-- Generated by org.testng.reporters.JUnitXMLReporter -->
<testsuite ignored="11" hostname="VNNOT01519" failures="1" tests="53" name="Regression Test with Chrome" time="672.688" errors="0" timestamp="2026-07-23T16:13:29 ICT">
  <testcase classname="ui.testcases.LoginTest" name="loginSuccess" time="4.813"/>
  <testcase classname="ui.testcases.LoginTest" name="loginFailWithInvalidEmail" time="1.615"/>
  <testcase classname="ui.testcases.LoginTest" name="loginFailWithInvalidPassword" time="1.33"/>
  <testcase classname="ui.testcases.LoginTestByExcelFile" name="loginSuccess" time="3.701"/>
  <testcase classname="ui.testcases.LoginTestByExcelFile" name="loginFailWithInvalidEmail" time="1.219"/>
  <testcase classname="ui.testcases.LoginTestByExcelFile" name="loginFailWithInvalidPassword" time="1.281"/>
  <testcase classname="ui.testcases.LoginTestByExcelFile" name="loginFailWithEmptyEmail" time="1.106"/>
  <testcase classname="ui.testcases.LoginTestByExcelFile" name="loginFailWithEmptyPassword" time="1.259"/>
  <testcase classname="ui.testcases.CustomerTest" name="CUSTOMER_001_CreateCustomerSuccessfully" time="2.49"/>
  <testcase classname="ui.testcases.CustomerTest" name="CONTACT_001_CreateContactSuccessfully" time="8.187"/>
  <testcase classname="ui.testcases.CustomerTest" name="CUSTOMER_002_DeleteCustomerSuccessfully" time="6.533"/>
  <testcase classname="ui.testcases.ProjectTest" name="verifyCreateProject" time="6.508"/>
  <testcase classname="ui.testcases.ProjectTest" name="verifyDeleteProject" time="10.646"/>
  <testcase classname="ui.testcases.TaskTest" name="verifyNavigateToTaskKanban" time="1.145"/>
  <testcase classname="ui.testcases.TaskTest" name="verifyCreateTask" time="3.1"/>
  <testcase classname="ui.testcases.TaskTest" name="verifyCompleteTask" time="9.01"/>
  <testcase classname="ui.testcases.TaskTest" name="verifyEditTask" time="6.507"/>
  <testcase classname="ui.testcases.TaskTest" name="verifyDragDropTask" time="5.68"/>
  <testcase classname="ui.testcases.TaskTest" name="verifyDeleteTask" time="6.469"/>
  <testcase classname="ui.testcases.ContractsTest" name="CONTRACT_001_CreateContractSuccessfully" time="7.191"/>
  <testcase classname="ui.testcases.ContractsTest" name="CONTRACT_002_UpdateContractSuccessfully" time="6.84"/>
  <testcase classname="ui.testcases.ContractsTest" name="CONTRACT_003_DeleteContractSuccessfully" time="10.839"/>
  <testcase classname="ui.testcases.ExpensesTest" name="EXPENSE_001_CreateExpenseSuccessfully" time="15.008"/>
  <testcase classname="ui.testcases.ExpensesTest" name="EXPENSE_002_UpdateExpenseSuccessfully" time="5.751"/>
  <testcase classname="ui.testcases.ExpensesTest" name="EXPENSE_003_DeleteExpenseSuccessfully" time="5.476">
    <failure type="org.openqa.selenium.StaleElementReferenceException" message="stale element reference: stale element not found in the current frame
  (Session info: chrome=150.0.7871.129)
For documentation on this error, please visit: https://www.selenium.dev/documentation/webdriver/troubleshooting/errors#stale-element-reference-exception
Build info: version: &amp;apos;4.34.0&amp;apos;, revision: &amp;apos;707dcb4246*&amp;apos;
System info: os.name: &amp;apos;Windows 11&amp;apos;, os.arch: &amp;apos;amd64&amp;apos;, os.version: &amp;apos;10.0&amp;apos;, java.version: &amp;apos;17.0.14&amp;apos;
Driver info: org.openqa.selenium.chrome.ChromeDriver
Command: [e18a59b2852eb994184a43f63ca01a0c, getElementText {id=f.DC56D17BD6D28A4B7DDF2BBED5100C5E.d.1FF74BE59DFBDE71FBC06D16218475CD.e.478}]
Capabilities {acceptInsecureCerts: false, browserName: chrome, browserVersion: 150.0.7871.129, chrome: {chromedriverVersion: 150.0.7871.124 (9261fd0a595..., userDataDir: C:\Users\BINDAN~1\AppData\L...}, fedcm:accounts: true, goog:chromeOptions: {debuggerAddress: localhost:56974}, goog:processID: 11164, networkConnectionEnabled: false, pageLoadStrategy: normal, platformName: windows, proxy: Proxy(), se:cdp: ws://localhost:56974/devtoo..., se:cdpVersion: 150.0.7871.129, setWindowRect: true, strictFileInteractability: false, timeouts: {implicit: 0, pageLoad: 300000, script: 30000}, unhandledPromptBehavior: dismiss and notify, webauthn:extension:credBlob: true, webauthn:extension:largeBlob: true, webauthn:extension:minPinLength: true, webauthn:extension:prf: true, webauthn:virtualAuthenticators: true}
Element: [[ChromeDriver: chrome on windows (e18a59b2852eb994184a43f63ca01a0c)] -&amp;gt; xpath: //td[@class=&amp;apos;dataTables_empty&amp;apos;]]
Session ID: e18a59b2852eb994184a43f63ca01a0c">
      <![CDATA[org.openqa.selenium.StaleElementReferenceException: stale element reference: stale element not found in the current frame
  (Session info: chrome=150.0.7871.129)
For documentation on this error, please visit: https://www.selenium.dev/documentation/webdriver/troubleshooting/errors#stale-element-reference-exception
Build info: version: '4.34.0', revision: '707dcb4246*'
System info: os.name: 'Windows 11', os.arch: 'amd64', os.version: '10.0', java.version: '17.0.14'
Driver info: org.openqa.selenium.chrome.ChromeDriver
Command: [e18a59b2852eb994184a43f63ca01a0c, getElementText {id=f.DC56D17BD6D28A4B7DDF2BBED5100C5E.d.1FF74BE59DFBDE71FBC06D16218475CD.e.478}]
Capabilities {acceptInsecureCerts: false, browserName: chrome, browserVersion: 150.0.7871.129, chrome: {chromedriverVersion: 150.0.7871.124 (9261fd0a595..., userDataDir: C:\Users\BINDAN~1\AppData\L...}, fedcm:accounts: true, goog:chromeOptions: {debuggerAddress: localhost:56974}, goog:processID: 11164, networkConnectionEnabled: false, pageLoadStrategy: normal, platformName: windows, proxy: Proxy(), se:cdp: ws://localhost:56974/devtoo..., se:cdpVersion: 150.0.7871.129, setWindowRect: true, strictFileInteractability: false, timeouts: {implicit: 0, pageLoad: 300000, script: 30000}, unhandledPromptBehavior: dismiss and notify, webauthn:extension:credBlob: true, webauthn:extension:largeBlob: true, webauthn:extension:minPinLength: true, webauthn:extension:prf: true, webauthn:virtualAuthenticators: true}
Element: [[ChromeDriver: chrome on windows (e18a59b2852eb994184a43f63ca01a0c)] -> xpath: //td[@class='dataTables_empty']]
Session ID: e18a59b2852eb994184a43f63ca01a0c
at org.openqa.selenium.remote.ErrorCodec.decode(ErrorCodec.java:167)
at org.openqa.selenium.remote.codec.w3c.W3CHttpResponseCodec.decode(W3CHttpResponseCodec.java:138)
at org.openqa.selenium.remote.codec.w3c.W3CHttpResponseCodec.decode(W3CHttpResponseCodec.java:50)
at org.openqa.selenium.remote.HttpCommandExecutor.execute(HttpCommandExecutor.java:215)
at org.openqa.selenium.remote.service.DriverCommandExecutor.invokeExecute(DriverCommandExecutor.java:216)
at org.openqa.selenium.remote.service.DriverCommandExecutor.execute(DriverCommandExecutor.java:174)
at org.openqa.selenium.remote.RemoteWebDriver.execute(RemoteWebDriver.java:544)
at org.openqa.selenium.remote.RemoteWebElement.execute(RemoteWebElement.java:223)
at org.openqa.selenium.remote.RemoteWebElement.getText(RemoteWebElement.java:191)
at settings.keywords.WebUI.getTextElement(WebUI.java:183)
at ui.common.BasePage.verifyNoItems(BasePage.java:209)
at ui.testcases.ExpensesTest.EXPENSE_003_DeleteExpenseSuccessfully(ExpensesTest.java:60)
at java.base/java.util.ArrayList.forEach(ArrayList.java:1511)
... Removed 36 stack frames]]>
    </failure>
  </testcase> <!-- EXPENSE_003_DeleteExpenseSuccessfully -->
  <testcase classname="ui.testcases.ExpensesTest" name="EXPENSE_004_VerifyExpenseTooltipInInvoice" time="4.84"/>
  <testcase classname="ui.testcases.KnowledgeBaseTest" name="KNOWLEDGE_BASE_001_CreateArticleSuccessfully" time="2.675"/>
  <testcase classname="ui.testcases.KnowledgeBaseTest" name="KNOWLEDGE_BASE_002_ViewArticleSuccessfully" time="5.565"/>
  <testcase classname="ui.testcases.KnowledgeBaseTest" name="KNOWLEDGE_BASE_004_DeleteArticleSuccessfully" time="4.838"/>
  <testcase classname="ui.testcases.ProposalsTest" name="verifyCreateProposal" time="32.585"/>
  <testcase classname="ui.testcases.ProposalsTest" name="verifyCreateProposal" time="32.868"/>
  <testcase classname="ui.testcases.ProposalsTest" name="verifyCreateProposal" time="31.992"/>
  <testcase classname="ui.testcases.DashboardTest" name="verifyDashboard" time="0.393"/>
  <testcase classname="ui.testcases.AddCustomerByJsonFile" name="manageCustomer" time="8.113"/>
  <testcase classname="ui.testcases.AddCustomerByJsonFile" name="manageCustomer" time="10.92"/>
  <testcase classname="ui.testcases.AddCustomerByJsonFile" name="manageCustomer" time="8.548"/>
  <testcase classname="ui.testcases.AddCustomerByJsonFile" name="manageCustomer" time="8.178"/>
  <testcase classname="ui.testcases.AddCustomerByJsonFile" name="manageCustomer" time="8.18"/>
  <testcase classname="ui.testcases.AddCustomerByJsonFile" name="manageCustomer" time="8.976"/>
  <testcase classname="ui.testcases.AddCustomerByJsonFile" name="manageCustomer" time="8.389"/>
  <testcase classname="ui.testcases.AddCustomerByJsonFile" name="manageCustomer" time="8.438"/>
  <testcase classname="ui.testcases.AddCustomerByJsonFile" name="manageCustomer" time="10.423"/>
  <testcase classname="ui.testcases.AddCustomerByJsonFile" name="manageCustomer" time="9.681"/>
  <testcase classname="ui.testcases.AddCustomerByJsonFile" name="manageCustomer" time="8.265"/>
  <testcase classname="ui.testcases.AddCustomerByJsonFile" name="manageCustomer" time="8.529"/>
  <testcase classname="ui.testcases.AddCustomerByJsonFile" name="manageCustomer" time="8.188"/>
  <testcase classname="ui.testcases.AddCustomerByJsonFile" name="manageCustomer" time="8.355"/>
  <testcase classname="ui.testcases.AddCustomerByJsonFile" name="manageCustomer" time="8.877"/>
  <testcase classname="ui.testcases.AddCustomerByJsonFile" name="manageCustomer" time="1.606"/>
  <testcase classname="ui.testcases.ItemsTest" name="ITEM_001_ImportItemSuccessfully" time="5.245"/>
  <testcase classname="ui.testcases.ItemsTest" name="ITEM_002_DeleteItemSuccessfully" time="7.122"/>
  <testcase classname="ui.testcases.LeadsTest" name="LEAD_001_CreateMultipleLeadsSuccessfully" time="9.198"/>
  <testcase classname="ui.testcases.LeadsTest" name="LEAD_002_DeleteMultipleLeadsSuccessfully" time="3.167"/>
  <testcase classname="ui.common.BaseTest" name="@BeforeSuite setUpEnvironment" time="0.0">
    <ignored/>
  </testcase> <!-- @BeforeSuite setUpEnvironment -->
  <testcase classname="ui.common.BaseTest" name="@BeforeSuite setUpEnvironment" time="0.0">
    <ignored/>
  </testcase> <!-- @BeforeSuite setUpEnvironment -->
  <testcase classname="ui.common.BaseTest" name="@BeforeSuite setUpEnvironment" time="0.0">
    <ignored/>
  </testcase> <!-- @BeforeSuite setUpEnvironment -->
  <testcase classname="ui.common.BaseTest" name="@BeforeSuite setUpEnvironment" time="0.0">
    <ignored/>
  </testcase> <!-- @BeforeSuite setUpEnvironment -->
  <testcase classname="ui.common.BaseTest" name="@BeforeSuite setUpEnvironment" time="0.0">
    <ignored/>
  </testcase> <!-- @BeforeSuite setUpEnvironment -->
  <testcase classname="ui.common.BaseTest" name="@BeforeSuite setUpEnvironment" time="0.0">
    <ignored/>
  </testcase> <!-- @BeforeSuite setUpEnvironment -->
  <testcase classname="ui.common.BaseTest" name="@BeforeSuite setUpEnvironment" time="0.0">
    <ignored/>
  </testcase> <!-- @BeforeSuite setUpEnvironment -->
  <testcase classname="ui.common.BaseTest" name="@BeforeSuite setUpEnvironment" time="0.0">
    <ignored/>
  </testcase> <!-- @BeforeSuite setUpEnvironment -->
  <testcase classname="ui.common.BaseTest" name="@BeforeSuite setUpEnvironment" time="0.0">
    <ignored/>
  </testcase> <!-- @BeforeSuite setUpEnvironment -->
  <testcase classname="ui.common.BaseTest" name="@BeforeSuite setUpEnvironment" time="0.0">
    <ignored/>
  </testcase> <!-- @BeforeSuite setUpEnvironment -->
  <testcase classname="ui.common.BaseTestNotLogin" name="@BeforeSuite setUpEnvironment" time="0.0">
    <ignored/>
  </testcase> <!-- @BeforeSuite setUpEnvironment -->
</testsuite> <!-- Regression Test with Chrome -->
