<?xml version="1.0" encoding="UTF-8"?>
<!-- Generated by org.testng.reporters.JUnitReportReporter -->
<testsuite hostname="VNNOT01519" failures="0" tests="3" name="ui.testcases.KnowledgeBaseTest" time="24.274" errors="0" timestamp="2026-07-23T16:13:29 ICT" skipped="0">
  <testcase classname="ui.testcases.KnowledgeBaseTest" name="KNOWLEDGE_BASE_001_CreateArticleSuccessfully" time="6.191"/>
  <system-out/>
  <testcase classname="ui.testcases.KnowledgeBaseTest" name="KNOWLEDGE_BASE_002_ViewArticleSuccessfully" time="9.789"/>
  <system-out/>
  <testcase classname="ui.testcases.KnowledgeBaseTest" name="KNOWLEDGE_BASE_004_DeleteArticleSuccessfully" time="8.294"/>
  <system-out/>
</testsuite> <!-- ui.testcases.KnowledgeBaseTest -->
