<?xml version="1.0" encoding="UTF-8"?>
<!-- Generated by org.testng.reporters.JUnitReportReporter -->
<testsuite hostname="VNNOT01519" failures="0" tests="16" name="ui.testcases.AddCustomerByJsonFile" time="200.088" errors="0" timestamp="2026-07-23T16:13:29 ICT" skipped="0">
  <testcase classname="ui.testcases.AddCustomerByJsonFile" name="manageCustomer" time="12.149"/>
  <system-out/>
  <testcase classname="ui.testcases.AddCustomerByJsonFile" name="manageCustomer" time="12.454"/>
  <system-out/>
  <testcase classname="ui.testcases.AddCustomerByJsonFile" name="manageCustomer" time="14.118"/>
  <system-out/>
  <testcase classname="ui.testcases.AddCustomerByJsonFile" name="manageCustomer" time="13.069"/>
  <system-out/>
  <testcase classname="ui.testcases.AddCustomerByJsonFile" name="manageCustomer" time="14.142"/>
  <system-out/>
  <testcase classname="ui.testcases.AddCustomerByJsonFile" name="manageCustomer" time="12.643"/>
  <system-out/>
  <testcase classname="ui.testcases.AddCustomerByJsonFile" name="manageCustomer" time="11.763"/>
  <system-out/>
  <testcase classname="ui.testcases.AddCustomerByJsonFile" name="manageCustomer" time="11.807"/>
  <system-out/>
  <testcase classname="ui.testcases.AddCustomerByJsonFile" name="manageCustomer" time="12.696"/>
  <system-out/>
  <testcase classname="ui.testcases.AddCustomerByJsonFile" name="manageCustomer" time="6.859"/>
  <system-out/>
  <testcase classname="ui.testcases.AddCustomerByJsonFile" name="manageCustomer" time="12.523"/>
  <system-out/>
  <testcase classname="ui.testcases.AddCustomerByJsonFile" name="manageCustomer" time="16.634"/>
  <system-out/>
  <testcase classname="ui.testcases.AddCustomerByJsonFile" name="manageCustomer" time="12.491"/>
  <system-out/>
  <testcase classname="ui.testcases.AddCustomerByJsonFile" name="manageCustomer" time="12.353"/>
  <system-out/>
  <testcase classname="ui.testcases.AddCustomerByJsonFile" name="manageCustomer" time="11.954"/>
  <system-out/>
  <testcase classname="ui.testcases.AddCustomerByJsonFile" name="manageCustomer" time="12.433"/>
  <system-out/>
</testsuite> <!-- ui.testcases.AddCustomerByJsonFile -->
