<?xml version="1.0" encoding="UTF-8"?>
<!-- Generated by org.testng.reporters.JUnitReportReporter -->
<testsuite hostname="VNNOT01519" failures="0" tests="2" name="ui.testcases.ItemsTest" time="21.652" errors="0" timestamp="2026-07-23T16:13:30 ICT" skipped="0">
  <testcase classname="ui.testcases.ItemsTest" name="ITEM_001_ImportItemSuccessfully" time="9.105"/>
  <system-out/>
  <testcase classname="ui.testcases.ItemsTest" name="ITEM_002_DeleteItemSuccessfully" time="12.547"/>
  <system-out/>
</testsuite> <!-- ui.testcases.ItemsTest -->
