<?xml version="1.0" encoding="UTF-8"?>
<!-- Generated by org.testng.reporters.JUnitReportReporter -->
<testsuite hostname="VNNOT01519" failures="0" tests="2" name="ui.testcases.LeadsTest" time="20.711" errors="0" timestamp="2026-07-23T16:13:29 ICT" skipped="0">
  <testcase classname="ui.testcases.LeadsTest" name="LEAD_001_CreateMultipleLeadsSuccessfully" time="13.790"/>
  <system-out/>
  <testcase classname="ui.testcases.LeadsTest" name="LEAD_002_DeleteMultipleLeadsSuccessfully" time="6.921"/>
  <system-out/>
</testsuite> <!-- ui.testcases.LeadsTest -->
