<?xml version="1.0" encoding="UTF-8"?>
<!-- Generated by org.testng.reporters.JUnitReportReporter -->
<testsuite hostname="VNNOT01519" failures="0" tests="6" name="ui.testcases.TaskTest" time="55.116" errors="0" timestamp="2026-07-23T16:13:29 ICT" skipped="0">
  <testcase classname="ui.testcases.TaskTest" name="verifyNavigateToTaskKanban" time="5.188"/>
  <system-out/>
  <testcase classname="ui.testcases.TaskTest" name="verifyCreateTask" time="6.994"/>
  <system-out/>
  <testcase classname="ui.testcases.TaskTest" name="verifyCompleteTask" time="12.805"/>
  <system-out/>
  <testcase classname="ui.testcases.TaskTest" name="verifyEditTask" time="9.896"/>
  <system-out/>
  <testcase classname="ui.testcases.TaskTest" name="verifyDragDropTask" time="9.653"/>
  <system-out/>
  <testcase classname="ui.testcases.TaskTest" name="verifyDeleteTask" time="10.580"/>
  <system-out/>
</testsuite> <!-- ui.testcases.TaskTest -->
