<?xml version="1.0" encoding="UTF-8"?>
<!-- Generated by org.testng.reporters.JUnitReportReporter -->
<testsuite hostname="VNNOT01519" failures="0" tests="3" name="ui.testcases.ContractsTest" time="37.206" errors="0" timestamp="2026-07-23T16:13:29 ICT" skipped="0">
  <testcase classname="ui.testcases.ContractsTest" name="CONTRACT_001_CreateContractSuccessfully" time="11.509"/>
  <system-out/>
  <testcase classname="ui.testcases.ContractsTest" name="CONTRACT_002_UpdateContractSuccessfully" time="10.327"/>
  <system-out/>
  <testcase classname="ui.testcases.ContractsTest" name="CONTRACT_003_DeleteContractSuccessfully" time="15.370"/>
  <system-out/>
</testsuite> <!-- ui.testcases.ContractsTest -->
