<?xml version="1.0" encoding="UTF-8"?>
<!-- Generated by org.testng.reporters.JUnitReportReporter -->
<testsuite hostname="VNNOT01519" failures="0" tests="3" name="ui.testcases.LoginTest" time="15.424" errors="0" timestamp="2026-07-23T16:13:30 ICT" skipped="0">
  <testcase classname="ui.testcases.LoginTest" name="loginSuccess" time="6.661"/>
  <system-out/>
  <testcase classname="ui.testcases.LoginTest" name="loginFailWithInvalidEmail" time="4.608"/>
  <system-out/>
  <testcase classname="ui.testcases.LoginTest" name="loginFailWithInvalidPassword" time="4.155"/>
  <system-out/>
</testsuite> <!-- ui.testcases.LoginTest -->
