<?xml version="1.0" encoding="UTF-8"?>
<!-- Generated by org.testng.reporters.JUnitReportReporter -->
<testsuite hostname="VNNOT01519" failures="0" tests="3" name="ui.testcases.LoginTest" time="18.752" errors="0" timestamp="2026-07-23T16:38:26 ICT" skipped="0">
  <testcase classname="ui.testcases.LoginTest" name="loginSuccess" time="9.502"/>
  <system-out/>
  <testcase classname="ui.testcases.LoginTest" name="loginFailWithInvalidEmail" time="3.523"/>
  <system-out/>
  <testcase classname="ui.testcases.LoginTest" name="loginFailWithInvalidPassword" time="5.727"/>
  <system-out/>
</testsuite> <!-- ui.testcases.LoginTest -->
