<?xml version="1.0" encoding="UTF-8"?>
<!-- Generated by org.testng.reporters.JUnitReportReporter -->
<testsuite hostname="VNNOT01519" failures="0" tests="3" name="ui.testcases.ProposalsTest" time="110.753" errors="0" timestamp="2026-07-23T16:13:29 ICT" skipped="0">
  <testcase classname="ui.testcases.ProposalsTest" name="verifyCreateProposal" time="37.515"/>
  <system-out/>
  <testcase classname="ui.testcases.ProposalsTest" name="verifyCreateProposal" time="36.913"/>
  <system-out/>
  <testcase classname="ui.testcases.ProposalsTest" name="verifyCreateProposal" time="36.325"/>
  <system-out/>
</testsuite> <!-- ui.testcases.ProposalsTest -->
