<?xml version="1.0" encoding="UTF-8"?>
<!-- Generated by org.testng.reporters.JUnitReportReporter -->
<testsuite hostname="VNNOT01519" failures="0" tests="2" name="ui.testcases.ProjectTest" time="26.704" errors="0" timestamp="2026-07-23T16:13:29 ICT" skipped="0">
  <testcase classname="ui.testcases.ProjectTest" name="verifyCreateProject" time="10.638"/>
  <system-out/>
  <testcase classname="ui.testcases.ProjectTest" name="verifyDeleteProject" time="16.066"/>
  <system-out/>
</testsuite> <!-- ui.testcases.ProjectTest -->
