<?xml version="1.0" encoding="UTF-8"?>
<!-- Generated by org.testng.reporters.JUnitReportReporter -->
<testsuite hostname="VNNOT01519" failures="0" tests="3" name="ui.testcases.CustomerTest" time="30.255" errors="0" timestamp="2026-07-23T16:13:29 ICT" skipped="0">
  <testcase classname="ui.testcases.CustomerTest" name="CUSTOMER_001_CreateCustomerSuccessfully" time="7.395"/>
  <system-out/>
  <testcase classname="ui.testcases.CustomerTest" name="CONTACT_001_CreateContactSuccessfully" time="12.390"/>
  <system-out/>
  <testcase classname="ui.testcases.CustomerTest" name="CUSTOMER_002_DeleteCustomerSuccessfully" time="10.470"/>
  <system-out/>
</testsuite> <!-- ui.testcases.CustomerTest -->
