<?xml version="1.0" encoding="UTF-8"?>
<!-- Generated by org.testng.reporters.JUnitReportReporter -->
<testsuite hostname="VNNOT01519" failures="0" tests="5" name="ui.testcases.LoginTestByExcelFile" time="18.268" errors="0" timestamp="2026-07-23T16:13:29 ICT" skipped="0">
  <testcase classname="ui.testcases.LoginTestByExcelFile" name="loginSuccess" time="5.710"/>
  <system-out/>
  <testcase classname="ui.testcases.LoginTestByExcelFile" name="loginFailWithInvalidEmail" time="3.145"/>
  <system-out/>
  <testcase classname="ui.testcases.LoginTestByExcelFile" name="loginFailWithInvalidPassword" time="3.391"/>
  <system-out/>
  <testcase classname="ui.testcases.LoginTestByExcelFile" name="loginFailWithEmptyEmail" time="3.059"/>
  <system-out/>
  <testcase classname="ui.testcases.LoginTestByExcelFile" name="loginFailWithEmptyPassword" time="2.963"/>
  <system-out/>
</testsuite> <!-- ui.testcases.LoginTestByExcelFile -->
